2 path.c:128 0x38f52a9 24
4 path.c:254 0x38f52a9 24
2 path.c:128 0x38f74c9 24
1 dynarray.c:84 0x38f52a9 24
2 dynarray.c:95 0x38f74f9 16
2 path.c:90 0x38f7529 6
1 path.c:143 0x38f7549 6
4 path.c:246 0x38f7549 6
4 path.c:31 0x38f7529 6
4 dynarray.c:112 0x38f74f9 16
4 dynarray.c:113 0x38f52a9 24
4 path.c:254 0x38f74c9 24
1 dynarray.c:84 0x38f74c9 24
2 dynarray.c:95 0x38f7569 16
1 bdtBad5.c:662 0x38f7529 1
4 dynarray.c:112 0x38f7569 16
4 dynarray.c:113 0x38f74c9 24
4 bdt_client.c:39 0x38f7529 1
2 path.c:128 0x38f7599 24
4 path.c:254 0x38f7599 24
2 path.c:128 0x38f75c9 24
1 dynarray.c:84 0x38f7599 24
2 dynarray.c:95 0x38f75f9 16
4 dynarray.c:112 0x38f75f9 16
4 dynarray.c:113 0x38f7599 24
4 path.c:254 0x38f75c9 24
2 path.c:128 0x38f7629 24
1 dynarray.c:84 0x38f75c9 24
2 dynarray.c:95 0x38f7659 16
2 path.c:90 0x38f7689 6
2 path.c:90 0x38f76a9 7
4 path.c:31 0x38f7689 6
4 path.c:31 0x38f76a9 7
4 dynarray.c:112 0x38f7659 16
4 dynarray.c:113 0x38f75c9 24
4 path.c:254 0x38f7629 24
2 path.c:128 0x38f7629 24
1 dynarray.c:84 0x38f7659 24
2 dynarray.c:95 0x38f75c9 16
2 path.c:90 0x38f76c9 6
4 path.c:31 0x38f76c9 6
4 dynarray.c:112 0x38f75c9 16
4 dynarray.c:113 0x38f7659 24
4 path.c:254 0x38f7629 24
2 path.c:128 0x38f7629 24
1 dynarray.c:84 0x38f75c9 24
2 dynarray.c:95 0x38f7659 16
2 path.c:90 0x38f76e9 6
1 path.c:143 0x38f76c9 6
2 path.c:178 0x38f7709 24
1 dynarray.c:84 0x38f7599 24
2 dynarray.c:95 0x38f7739 16
2 path.c:191 0x38f7769 6
2 path.c:205 0x38f7789 6
3 path.c:223 0x38f7769 0x38f7769 6 6
1 bdtBad5.c:143 0x38f77a9 32
2 path.c:178 0x38f77e9 24
1 dynarray.c:84 0x38f75f9 24
2 dynarray.c:95 0x38f7819 16
2 path.c:191 0x38f7849 6
2 path.c:205 0x38f7869 6
3 path.c:223 0x38f7849 0x38f7849 6 6
4 path.c:246 0x38f7769 6
4 path.c:31 0x38f7789 6
4 dynarray.c:112 0x38f7739 16
4 dynarray.c:113 0x38f7599 24
4 path.c:254 0x38f7709 24
4 path.c:246 0x38f76c9 6
4 path.c:31 0x38f76e9 6
4 dynarray.c:112 0x38f7659 16
4 dynarray.c:113 0x38f75c9 24
4 path.c:254 0x38f7629 24
2 path.c:128 0x38f7629 24
1 dynarray.c:84 0x38f7709 24
2 dynarray.c:95 0x38f75c9 16
2 path.c:90 0x38f76e9 6
2 path.c:90 0x38f7889 7
2 path.c:90 0x38f78a9 12
3 dynarray.c:69 0x38f78c9 0x38f75c9 16 32
1 path.c:143 0x38f7659 25
2 path.c:178 0x38f75c9 24
1 dynarray.c:84 0x38f7599 24
2 dynarray.c:95 0x38f7909 16
2 path.c:191 0x38f7939 25
2 path.c:205 0x38f7969 6
3 path.c:223 0x38f7939 0x38f7939 25 6
4 path.c:246 0x38f7939 6
4 path.c:31 0x38f7969 6
4 dynarray.c:112 0x38f7909 16
4 dynarray.c:113 0x38f7599 24
4 path.c:254 0x38f75c9 24
2 path.c:178 0x38f75c9 24
1 dynarray.c:84 0x38f7909 24
2 dynarray.c:95 0x38f7599 16
2 path.c:191 0x38f7989 25
2 path.c:205 0x38f7969 6
2 path.c:205 0x38f79b9 7
3 path.c:223 0x38f7989 0x38f7989 25 13
4 path.c:246 0x38f7989 13
4 path.c:31 0x38f7969 6
4 path.c:31 0x38f79b9 7
4 dynarray.c:112 0x38f7599 16
4 dynarray.c:113 0x38f7909 24
4 path.c:254 0x38f75c9 24
2 path.c:178 0x38f75c9 24
1 dynarray.c:84 0x38f7989 24
2 dynarray.c:95 0x38f7909 16
2 path.c:191 0x38f79d9 25
2 path.c:205 0x38f79b9 6
2 path.c:205 0x38f7969 7
3 path.c:223 0x38f79d9 0x38f79d9 25 13
1 bdtBad5.c:143 0x38f7a09 32
2 path.c:178 0x38f7a49 24
1 dynarray.c:84 0x38f7599 24
2 dynarray.c:95 0x38f7a79 16
2 path.c:191 0x38f7aa9 13
2 path.c:205 0x38f7ac9 6
2 path.c:205 0x38f7ae9 7
3 path.c:223 0x38f7aa9 0x38f7aa9 13 13
4 path.c:246 0x38f79d9 13
4 path.c:31 0x38f79b9 6
4 path.c:31 0x38f7969 7
4 dynarray.c:112 0x38f7909 16
4 dynarray.c:113 0x38f7989 24
4 path.c:254 0x38f75c9 24
2 path.c:178 0x38f75c9 24
1 dynarray.c:84 0x38f79d9 24
2 dynarray.c:95 0x38f7989 24
2 path.c:191 0x38f7b09 25
2 path.c:205 0x38f7969 6
2 path.c:205 0x38f79b9 7
2 path.c:205 0x38f7b39 12
3 path.c:223 0x38f7b09 0x38f7b09 25 25
1 bdtBad5.c:143 0x38f7b59 32
2 path.c:178 0x38f7b99 24
1 dynarray.c:84 0x38f7909 24
2 dynarray.c:95 0x38f7bc9 24
2 path.c:191 0x38f7bf9 25
2 path.c:205 0x38f7c29 6
2 path.c:205 0x38f7c49 7
2 path.c:205 0x38f7c69 12
3 path.c:223 0x38f7bf9 0x38f7bf9 25 25
4 path.c:246 0x38f7b09 25
4 path.c:31 0x38f7969 6
4 path.c:31 0x38f79b9 7
4 path.c:31 0x38f7b39 12
4 dynarray.c:112 0x38f7989 24
4 dynarray.c:113 0x38f79d9 24
4 path.c:254 0x38f75c9 24
4 path.c:246 0x38f7659 25
4 path.c:31 0x38f76e9 6
4 path.c:31 0x38f7889 7
4 path.c:31 0x38f78a9 12
4 dynarray.c:112 0x38f78c9 32
4 dynarray.c:113 0x38f7709 24
4 path.c:254 0x38f7629 24
2 path.c:128 0x38f7629 24
1 dynarray.c:84 0x38f7b09 24
2 dynarray.c:95 0x38f7709 16
2 path.c:90 0x38f78a9 6
1 path.c:143 0x38f76c9 6
2 path.c:178 0x38f75c9 24
1 dynarray.c:84 0x38f7659 24
2 dynarray.c:95 0x38f79d9 16
2 path.c:191 0x38f7889 6
2 path.c:205 0x38f7b39 6
3 path.c:223 0x38f7889 0x38f7889 6 6
4 path.c:246 0x38f7889 6
4 path.c:31 0x38f7b39 6
4 dynarray.c:112 0x38f79d9 16
4 dynarray.c:113 0x38f7659 24
4 path.c:254 0x38f75c9 24
4 path.c:246 0x38f76c9 6
4 path.c:31 0x38f78a9 6
4 dynarray.c:112 0x38f7709 16
4 dynarray.c:113 0x38f7b09 24
4 path.c:254 0x38f7629 24
2 path.c:128 0x38f7629 24
1 dynarray.c:84 0x38f7989 24
2 dynarray.c:95 0x38f7b09 16
2 path.c:90 0x38f78a9 6
2 path.c:90 0x38f76c9 7
1 path.c:143 0x38f76e9 13
2 path.c:178 0x38f75c9 24
1 dynarray.c:84 0x38f7709 24
2 dynarray.c:95 0x38f7659 16
2 path.c:191 0x38f7b39 13
2 path.c:205 0x38f79b9 6
3 path.c:223 0x38f7b39 0x38f7b39 13 6
4 path.c:246 0x38f7b39 6
4 path.c:31 0x38f79b9 6
4 dynarray.c:112 0x38f7659 16
4 dynarray.c:113 0x38f7709 24
4 path.c:254 0x38f75c9 24
2 path.c:178 0x38f75c9 24
1 dynarray.c:84 0x38f79d9 24
2 dynarray.c:95 0x38f7709 16
2 path.c:191 0x38f79b9 13
2 path.c:205 0x38f7b39 6
2 path.c:205 0x38f7969 7
3 path.c:223 0x38f79b9 0x38f79b9 13 13
4 path.c:246 0x38f79b9 13
4 path.c:31 0x38f7b39 6
4 path.c:31 0x38f7969 7
4 dynarray.c:112 0x38f7709 16
4 dynarray.c:113 0x38f79d9 24
4 path.c:254 0x38f75c9 24
4 path.c:246 0x38f76e9 13
4 path.c:31 0x38f78a9 6
4 path.c:31 0x38f76c9 7
4 dynarray.c:112 0x38f7b09 16
4 dynarray.c:113 0x38f7989 24
4 path.c:254 0x38f7629 24
2 path.c:128 0x38f7629 24
1 dynarray.c:84 0x38f7659 24
2 dynarray.c:95 0x38f7989 16
2 path.c:90 0x38f76c9 6
2 path.c:90 0x38f78a9 7
2 path.c:90 0x38f76e9 12
3 dynarray.c:69 0x38f7c89 0x38f7989 16 32
1 path.c:143 0x38f7b09 25
2 path.c:178 0x38f7989 24
1 dynarray.c:84 0x38f75c9 24
2 dynarray.c:95 0x38f79d9 16
2 path.c:191 0x38f7cc9 25
2 path.c:205 0x38f7969 6
3 path.c:223 0x38f7cc9 0x38f7cc9 25 6
4 path.c:246 0x38f7cc9 6
4 path.c:31 0x38f7969 6
4 dynarray.c:112 0x38f79d9 16
4 dynarray.c:113 0x38f75c9 24
4 path.c:254 0x38f7989 24
2 path.c:178 0x38f7989 24
1 dynarray.c:84 0x38f7709 24
2 dynarray.c:95 0x38f75c9 16
2 path.c:191 0x38f7cc9 25
2 path.c:205 0x38f7969 6
2 path.c:205 0x38f7b39 7
3 path.c:223 0x38f7cc9 0x38f7cc9 25 13
4 path.c:246 0x38f7cc9 13
4 path.c:31 0x38f7969 6
4 path.c:31 0x38f7b39 7
4 dynarray.c:112 0x38f75c9 16
4 dynarray.c:113 0x38f7709 24
4 path.c:254 0x38f7989 24
2 path.c:178 0x38f7989 24
1 dynarray.c:84 0x38f79d9 24
2 dynarray.c:95 0x38f7709 24
2 path.c:191 0x38f7cc9 25
2 path.c:205 0x38f7b39 6
2 path.c:205 0x38f7969 7
2 path.c:205 0x38f79b9 12
3 path.c:223 0x38f7cc9 0x38f7cc9 25 25
4 path.c:246 0x38f7cc9 25
4 path.c:31 0x38f7b39 6
4 path.c:31 0x38f7969 7
4 path.c:31 0x38f79b9 12
4 dynarray.c:112 0x38f7709 24
4 dynarray.c:113 0x38f79d9 24
4 path.c:254 0x38f7989 24
4 path.c:246 0x38f7b09 25
4 path.c:31 0x38f76c9 6
4 path.c:31 0x38f78a9 7
4 path.c:31 0x38f76e9 12
4 dynarray.c:112 0x38f7c89 32
4 dynarray.c:113 0x38f7659 24
4 path.c:254 0x38f7629 24
2 path.c:128 0x38f7629 24
1 dynarray.c:84 0x38f75c9 24
2 dynarray.c:95 0x38f7659 16
2 path.c:90 0x38f76e9 12
1 path.c:143 0x38f7889 12
2 path.c:178 0x38f7989 24
1 dynarray.c:84 0x38f7b09 24
2 dynarray.c:95 0x38f79d9 16
2 path.c:191 0x38f78a9 12
2 path.c:205 0x38f79b9 12
3 path.c:223 0x38f78a9 0x38f78a9 12 12
4 path.c:246 0x38f78a9 12
4 path.c:31 0x38f79b9 12
4 dynarray.c:112 0x38f79d9 16
4 dynarray.c:113 0x38f7b09 24
4 path.c:254 0x38f7989 24
4 path.c:246 0x38f7889 12
4 path.c:31 0x38f76e9 12
4 dynarray.c:112 0x38f7659 16
4 dynarray.c:113 0x38f75c9 24
4 path.c:254 0x38f7629 24
2 path.c:128 0x38f7629 24
1 dynarray.c:84 0x38f7709 24
2 dynarray.c:95 0x38f75c9 16
2 path.c:90 0x38f76e9 12
1 path.c:143 0x38f76c9 12
2 path.c:178 0x38f7989 24
1 dynarray.c:84 0x38f7659 24
2 dynarray.c:95 0x38f7b09 16
2 path.c:191 0x38f7889 12
2 path.c:205 0x38f78a9 12
3 path.c:223 0x38f7889 0x38f7889 12 12
4 path.c:246 0x38f7889 12
4 path.c:31 0x38f78a9 12
4 dynarray.c:112 0x38f7b09 16
4 dynarray.c:113 0x38f7659 24
4 path.c:254 0x38f7989 24
4 path.c:246 0x38f76c9 12
4 path.c:31 0x38f76e9 12
4 dynarray.c:112 0x38f75c9 16
4 dynarray.c:113 0x38f7709 24
4 path.c:254 0x38f7629 24
2 path.c:128 0x38f7629 24
1 dynarray.c:84 0x38f79d9 24
2 dynarray.c:95 0x38f7709 16
2 path.c:90 0x38f76e9 12
1 path.c:143 0x38f79b9 12
2 path.c:178 0x38f7989 24
1 dynarray.c:84 0x38f75c9 24
2 dynarray.c:95 0x38f7659 16
2 path.c:191 0x38f76c9 12
2 path.c:205 0x38f7889 12
3 path.c:223 0x38f76c9 0x38f76c9 12 12
4 path.c:246 0x38f76c9 12
4 path.c:31 0x38f7889 12
4 dynarray.c:112 0x38f7659 16
4 dynarray.c:113 0x38f75c9 24
4 path.c:254 0x38f7989 24
4 path.c:246 0x38f79b9 12
4 path.c:31 0x38f76e9 12
4 dynarray.c:112 0x38f7709 16
4 dynarray.c:113 0x38f79d9 24
4 path.c:254 0x38f7629 24
2 path.c:128 0x38f7629 24
1 dynarray.c:84 0x38f7b09 24
2 dynarray.c:95 0x38f79d9 16
2 path.c:90 0x38f76e9 6
2 path.c:90 0x38f79b9 8
1 path.c:143 0x38f78a9 14
2 path.c:178 0x38f7989 24
1 dynarray.c:84 0x38f7709 24
2 dynarray.c:95 0x38f75c9 16
2 path.c:191 0x38f7889 14
2 path.c:205 0x38f7969 6
3 path.c:223 0x38f7889 0x38f7889 14 6
4 path.c:246 0x38f7889 6
4 path.c:31 0x38f7969 6
4 dynarray.c:112 0x38f75c9 16
4 dynarray.c:113 0x38f7709 24
4 path.c:254 0x38f7989 24
2 path.c:178 0x38f7989 24
1 dynarray.c:84 0x38f7659 24
2 dynarray.c:95 0x38f7709 16
2 path.c:191 0x38f7969 14
2 path.c:205 0x38f7889 6
2 path.c:205 0x38f7b39 8
3 path.c:223 0x38f7969 0x38f7969 14 14
4 path.c:246 0x38f7969 14
4 path.c:31 0x38f7889 6
4 path.c:31 0x38f7b39 8
4 dynarray.c:112 0x38f7709 16
4 dynarray.c:113 0x38f7659 24
4 path.c:254 0x38f7989 24
2 path.c:128 0x38f7989 24
1 dynarray.c:84 0x38f75c9 24
2 dynarray.c:95 0x38f7659 16
2 path.c:90 0x38f7b39 6
2 path.c:90 0x38f7889 7
2 path.c:90 0x38f7969 12
3 dynarray.c:69 0x38f7cf9 0x38f7659 16 32
1 path.c:143 0x38f7709 25
2 path.c:178 0x38f7659 24
1 dynarray.c:84 0x38f7cc9 24
2 dynarray.c:95 0x38f7d39 16
2 path.c:191 0x38f7d69 25
2 path.c:205 0x38f7d99 6
3 path.c:223 0x38f7d69 0x38f7d69 25 6
4 path.c:246 0x38f7d69 6
4 path.c:31 0x38f7d99 6
4 dynarray.c:112 0x38f7d39 16
4 dynarray.c:113 0x38f7cc9 24
4 path.c:254 0x38f7659 24
2 path.c:178 0x38f7659 24
1 dynarray.c:84 0x38f7d69 24
2 dynarray.c:95 0x38f7cc9 16
2 path.c:191 0x38f7db9 25
2 path.c:205 0x38f7d99 6
2 path.c:205 0x38f7de9 7
3 path.c:223 0x38f7db9 0x38f7db9 25 13
4 path.c:246 0x38f7db9 13
4 path.c:31 0x38f7d99 6
4 path.c:31 0x38f7de9 7
4 dynarray.c:112 0x38f7cc9 16
4 dynarray.c:113 0x38f7d69 24
4 path.c:254 0x38f7659 24
2 path.c:178 0x38f7659 24
1 dynarray.c:84 0x38f7d39 24
2 dynarray.c:95 0x38f7d69 24
2 path.c:191 0x38f7db9 25
2 path.c:205 0x38f7de9 6
2 path.c:205 0x38f7d99 7
2 path.c:205 0x38f7e09 12
3 path.c:223 0x38f7db9 0x38f7db9 25 25
4 path.c:246 0x38f7db9 25
4 path.c:31 0x38f7de9 6
4 path.c:31 0x38f7d99 7
4 path.c:31 0x38f7e09 12
4 dynarray.c:112 0x38f7d69 24
4 dynarray.c:113 0x38f7d39 24
4 path.c:254 0x38f7659 24
4 path.c:246 0x38f7709 25
4 path.c:31 0x38f7b39 6
4 path.c:31 0x38f7889 7
4 path.c:31 0x38f7969 12
4 dynarray.c:112 0x38f7cf9 32
4 dynarray.c:113 0x38f75c9 24
4 path.c:254 0x38f7989 24
2 path.c:128 0x38f7989 24
1 dynarray.c:84 0x38f7cc9 24
2 dynarray.c:95 0x38f75c9 16
2 path.c:90 0x38f7969 12
2 path.c:90 0x38f7889 6
2 path.c:90 0x38f7b39 9
3 dynarray.c:69 0x38f7e29 0x38f75c9 16 32
1 path.c:143 0x38f7709 27
2 path.c:178 0x38f75c9 24
1 dynarray.c:84 0x38f7659 24
2 dynarray.c:95 0x38f7d39 16
2 path.c:191 0x38f7db9 27
2 path.c:205 0x38f7e09 12
3 path.c:223 0x38f7db9 0x38f7db9 27 12
4 path.c:246 0x38f7db9 12
4 path.c:31 0x38f7e09 12
4 dynarray.c:112 0x38f7d39 16
4 dynarray.c:113 0x38f7659 24
4 path.c:254 0x38f75c9 24
4 path.c:246 0x38f7709 27
4 path.c:31 0x38f7969 12
4 path.c:31 0x38f7889 6
4 path.c:31 0x38f7b39 9
4 dynarray.c:112 0x38f7e29 32
4 dynarray.c:113 0x38f7cc9 24
4 path.c:254 0x38f7989 24
2 path.c:128 0x38f7989 24
1 dynarray.c:84 0x38f7d69 24
2 dynarray.c:95 0x38f7cc9 16
2 path.c:90 0x38f7b39 6
2 path.c:90 0x38f7889 8
1 path.c:143 0x38f76c9 14
2 path.c:178 0x38f75c9 24
1 dynarray.c:84 0x38f7709 24
2 dynarray.c:95 0x38f7659 16
2 path.c:191 0x38f7969 14
2 path.c:205 0x38f7d99 6
3 path.c:223 0x38f7969 0x38f7969 14 6
4 path.c:246 0x38f7969 6
4 path.c:31 0x38f7d99 6
4 dynarray.c:112 0x38f7659 16
4 dynarray.c:113 0x38f7709 24
4 path.c:254 0x38f75c9 24
2 path.c:178 0x38f75c9 24
1 dynarray.c:84 0x38f7d39 24
2 dynarray.c:95 0x38f7709 16
2 path.c:191 0x38f7d99 14
2 path.c:205 0x38f7969 6
2 path.c:205 0x38f7de9 8
3 path.c:223 0x38f7d99 0x38f7d99 14 14
4 path.c:246 0x38f7d99 14
4 path.c:31 0x38f7969 6
4 path.c:31 0x38f7de9 8
4 dynarray.c:112 0x38f7709 16
4 dynarray.c:113 0x38f7d39 24
4 path.c:254 0x38f75c9 24
2 path.c:178 0x38f75c9 24
1 dynarray.c:84 0x38f7659 24
2 dynarray.c:95 0x38f7d39 16
2 path.c:191 0x38f7de9 14
2 path.c:205 0x38f7969 6
2 path.c:205 0x38f7d99 8
3 path.c:223 0x38f7de9 0x38f7de9 14 14
1 bdtBad5.c:143 0x38f7e29 32
2 path.c:178 0x38f7db9 24
1 dynarray.c:84 0x38f7709 24
2 dynarray.c:95 0x38f7e69 16
2 path.c:191 0x38f7e99 14
2 path.c:205 0x38f7eb9 6
2 path.c:205 0x38f7ed9 8
3 path.c:223 0x38f7e99 0x38f7e99 14 14
4 path.c:246 0x38f7de9 14
4 path.c:31 0x38f7969 6
4 path.c:31 0x38f7d99 8
4 dynarray.c:112 0x38f7d39 16
4 dynarray.c:113 0x38f7659 24
4 path.c:254 0x38f75c9 24
4 path.c:246 0x38f76c9 14
4 path.c:31 0x38f7b39 6
4 path.c:31 0x38f7889 8
4 dynarray.c:112 0x38f7cc9 16
4 dynarray.c:113 0x38f7d69 24
4 path.c:254 0x38f7989 24
2 path.c:128 0x38f7989 24
1 dynarray.c:84 0x38f7d39 24
2 dynarray.c:95 0x38f7d69 16
2 path.c:90 0x38f7889 6
2 path.c:90 0x38f7b39 7
1 path.c:143 0x38f7e09 13
2 path.c:178 0x38f75c9 24
1 dynarray.c:84 0x38f7cc9 24
2 dynarray.c:95 0x38f7659 16
2 path.c:191 0x38f76c9 13
2 path.c:205 0x38f7969 6
3 path.c:223 0x38f76c9 0x38f76c9 13 6
4 path.c:246 0x38f76c9 6
4 path.c:31 0x38f7969 6
4 dynarray.c:112 0x38f7659 16
4 dynarray.c:113 0x38f7cc9 24
4 path.c:254 0x38f75c9 24
2 path.c:178 0x38f75c9 24
1 dynarray.c:84 0x38f7659 24
2 dynarray.c:95 0x38f7cc9 16
2 path.c:191 0x38f7969 13
2 path.c:205 0x38f76c9 6
2 path.c:205 0x38f7de9 7
3 path.c:223 0x38f7969 0x38f7969 13 13
4 path.c:246 0x38f7969 13
4 path.c:31 0x38f76c9 6
4 path.c:31 0x38f7de9 7
4 dynarray.c:112 0x38f7cc9 16
4 dynarray.c:113 0x38f7659 24
4 path.c:254 0x38f75c9 24
2 path.c:178 0x38f75c9 24
1 dynarray.c:84 0x38f7cc9 24
2 dynarray.c:95 0x38f7659 16
2 path.c:191 0x38f7de9 13
2 path.c:205 0x38f76c9 6
2 path.c:205 0x38f7969 7
3 path.c:223 0x38f7de9 0x38f7de9 13 13
1 bdtBad5.c:143 0x38f7cf9 32
2 path.c:178 0x38f7ef9 24
1 dynarray.c:84 0x38f7939 24
2 dynarray.c:95 0x38f7f29 16
2 path.c:191 0x38f7f59 13
2 path.c:205 0x38f7f79 6
2 path.c:205 0x38f7f99 7
3 path.c:223 0x38f7f59 0x38f7f59 13 13
4 path.c:246 0x38f7f59 13
4 path.c:31 0x38f7f79 6
4 path.c:31 0x38f7f99 7
4 dynarray.c:112 0x38f7f29 16
4 dynarray.c:113 0x38f7939 24
4 path.c:254 0x38f7ef9 24
4 bdtBad5.c:193 0x38f7cf9 32
4 path.c:246 0x38f7e09 13
4 path.c:31 0x38f7889 6
4 path.c:31 0x38f7b39 7
4 dynarray.c:112 0x38f7d69 16
4 dynarray.c:113 0x38f7d39 24
4 path.c:254 0x38f7989 24
4 path.c:246 0x38f7de9 13
4 path.c:31 0x38f76c9 6
4 path.c:31 0x38f7969 7
4 dynarray.c:112 0x38f7659 16
4 dynarray.c:113 0x38f7cc9 24
4 path.c:254 0x38f75c9 24
2 path.c:128 0x38f75c9 24
1 dynarray.c:84 0x38f7939 24
2 dynarray.c:95 0x38f7cc9 16
2 path.c:90 0x38f7969 6
2 path.c:90 0x38f76c9 4
2 path.c:90 0x38f7de9 5
3 dynarray.c:69 0x38f7fb9 0x38f7cc9 16 32
2 path.c:90 0x38f7b39 7
1 path.c:143 0x38f7659 22
2 path.c:178 0x38f7cc9 24
1 dynarray.c:84 0x38f7989 24
2 dynarray.c:95 0x38f7d39 16
2 path.c:191 0x38f7ef9 22
2 path.c:205 0x38f7889 6
3 path.c:223 0x38f7ef9 0x38f7ef9 22 6
4 path.c:246 0x38f7ef9 6
4 path.c:31 0x38f7889 6
4 dynarray.c:112 0x38f7d39 16
4 dynarray.c:113 0x38f7989 24
4 path.c:254 0x38f7cc9 24
2 path.c:178 0x38f7cc9 24
1 dynarray.c:84 0x38f7d69 24
2 dynarray.c:95 0x38f7989 16
2 path.c:191 0x38f7ef9 22
2 path.c:205 0x38f7889 6
2 path.c:205 0x38f7e09 4
3 path.c:223 0x38f7ef9 0x38f7ef9 22 10
4 path.c:246 0x38f7ef9 10
4 path.c:31 0x38f7889 6
4 path.c:31 0x38f7e09 4
4 dynarray.c:112 0x38f7989 16
4 dynarray.c:113 0x38f7d69 24
4 path.c:254 0x38f7cc9 24
2 path.c:178 0x38f7cc9 24
1 dynarray.c:84 0x38f7d39 24
2 dynarray.c:95 0x38f7d69 16
2 path.c:191 0x38f7ef9 22
2 path.c:205 0x38f7e09 6
2 path.c:205 0x38f7889 4
3 path.c:223 0x38f7ef9 0x38f7ef9 22 10
1 bdtBad5.c:143 0x38f7cf9 32
2 path.c:178 0x38f7ff9 24
1 dynarray.c:84 0x38f7989 24
2 dynarray.c:95 0x38f8029 16
2 path.c:191 0x38f7f99 10
2 path.c:205 0x38f7f79 6
2 path.c:205 0x38f7f59 4
3 path.c:223 0x38f7f99 0x38f7f99 10 10
4 path.c:246 0x38f7f99 10
4 path.c:31 0x38f7f79 6
4 path.c:31 0x38f7f59 4
4 dynarray.c:112 0x38f8029 16
4 dynarray.c:113 0x38f7989 24
4 path.c:254 0x38f7ff9 24
4 bdtBad5.c:193 0x38f7cf9 32
4 path.c:246 0x38f7659 22
4 path.c:31 0x38f7969 6
4 path.c:31 0x38f76c9 4
4 path.c:31 0x38f7de9 5
4 path.c:31 0x38f7b39 7
4 dynarray.c:112 0x38f7fb9 32
4 dynarray.c:113 0x38f7939 24
4 path.c:254 0x38f75c9 24
4 path.c:246 0x38f7ef9 10
4 path.c:31 0x38f7e09 6
4 path.c:31 0x38f7889 4
4 dynarray.c:112 0x38f7d69 16
4 dynarray.c:113 0x38f7d39 24
4 path.c:254 0x38f7cc9 24
2 path.c:128 0x38f7cc9 24
1 dynarray.c:84 0x38f8029 24
2 dynarray.c:95 0x38f7d39 16
2 path.c:90 0x38f7889 6
1 path.c:143 0x38f7d99 6
2 path.c:178 0x38f7ef9 24
1 dynarray.c:84 0x38f7d69 24
2 dynarray.c:95 0x38f75c9 16
2 path.c:191 0x38f7e09 6
2 path.c:205 0x38f7de9 6
3 path.c:223 0x38f7e09 0x38f7e09 6 6
4 path.c:246 0x38f7e09 6
4 path.c:31 0x38f7de9 6
4 dynarray.c:112 0x38f75c9 16
4 dynarray.c:113 0x38f7d69 24
4 path.c:254 0x38f7ef9 24
4 path.c:246 0x38f7d99 6
4 path.c:31 0x38f7889 6
4 dynarray.c:112 0x38f7d39 16
4 dynarray.c:113 0x38f8029 24
4 path.c:254 0x38f7cc9 24
2 path.c:128 0x38f7cc9 24
1 dynarray.c:84 0x38f7939 24
2 dynarray.c:95 0x38f8029 16
2 path.c:90 0x38f7889 6
2 path.c:90 0x38f7d99 7
1 path.c:143 0x38f7b39 13
2 path.c:178 0x38f7ef9 24
1 dynarray.c:84 0x38f7d39 24
2 dynarray.c:95 0x38f7d69 16
2 path.c:191 0x38f7de9 13
2 path.c:205 0x38f76c9 6
3 path.c:223 0x38f7de9 0x38f7de9 13 6
4 path.c:246 0x38f7de9 6
4 path.c:31 0x38f76c9 6
4 dynarray.c:112 0x38f7d69 16
4 dynarray.c:113 0x38f7d39 24
4 path.c:254 0x38f7ef9 24
2 path.c:178 0x38f7ef9 24
1 dynarray.c:84 0x38f75c9 24
2 dynarray.c:95 0x38f7d39 16
2 path.c:191 0x38f76c9 13
2 path.c:205 0x38f7de9 6
2 path.c:205 0x38f7969 7
3 path.c:223 0x38f76c9 0x38f76c9 13 13
4 path.c:246 0x38f76c9 13
4 path.c:31 0x38f7de9 6
4 path.c:31 0x38f7969 7
4 dynarray.c:112 0x38f7d39 16
4 dynarray.c:113 0x38f75c9 24
4 path.c:254 0x38f7ef9 24
4 path.c:246 0x38f7b39 13
4 path.c:31 0x38f7889 6
4 path.c:31 0x38f7d99 7
4 dynarray.c:112 0x38f8029 16
4 dynarray.c:113 0x38f7939 24
4 path.c:254 0x38f7cc9 24
2 path.c:128 0x38f7cc9 24
1 dynarray.c:84 0x38f7d69 24
2 dynarray.c:95 0x38f7939 16
2 path.c:90 0x38f7d99 6
2 path.c:90 0x38f7889 8
1 path.c:143 0x38f7e09 14
2 path.c:178 0x38f7ef9 24
1 dynarray.c:84 0x38f8029 24
2 dynarray.c:95 0x38f75c9 16
2 path.c:191 0x38f7b39 14
2 path.c:205 0x38f7de9 6
3 path.c:223 0x38f7b39 0x38f7b39 14 6
4 path.c:246 0x38f7b39 6
4 path.c:31 0x38f7de9 6
4 dynarray.c:112 0x38f75c9 16
4 dynarray.c:113 0x38f8029 24
4 path.c:254 0x38f7ef9 24
2 path.c:178 0x38f7ef9 24
1 dynarray.c:84 0x38f7d39 24
2 dynarray.c:95 0x38f8029 16
2 path.c:191 0x38f7de9 14
2 path.c:205 0x38f7b39 6
2 path.c:205 0x38f76c9 8
3 path.c:223 0x38f7de9 0x38f7de9 14 14
4 path.c:246 0x38f7de9 14
4 path.c:31 0x38f7b39 6
4 path.c:31 0x38f76c9 8
4 dynarray.c:112 0x38f8029 16
4 dynarray.c:113 0x38f7d39 24
4 path.c:254 0x38f7ef9 24
4 path.c:246 0x38f7e09 14
4 path.c:31 0x38f7d99 6
4 path.c:31 0x38f7889 8
4 dynarray.c:112 0x38f7939 16
4 dynarray.c:113 0x38f7d69 24
4 path.c:254 0x38f7cc9 24
2 path.c:128 0x38f7cc9 24
1 dynarray.c:84 0x38f75c9 24
2 dynarray.c:95 0x38f7d69 16
2 path.c:90 0x38f7889 6
2 path.c:90 0x38f7d99 7
1 path.c:143 0x38f7969 13
2 path.c:178 0x38f7ef9 24
1 dynarray.c:84 0x38f7939 24
2 dynarray.c:95 0x38f7d39 16
2 path.c:191 0x38f7e09 13
2 path.c:205 0x38f7b39 6
3 path.c:223 0x38f7e09 0x38f7e09 13 6
4 path.c:246 0x38f7e09 6
4 path.c:31 0x38f7b39 6
4 dynarray.c:112 0x38f7d39 16
4 dynarray.c:113 0x38f7939 24
4 path.c:254 0x38f7ef9 24
2 path.c:178 0x38f7ef9 24
1 dynarray.c:84 0x38f8029 24
2 dynarray.c:95 0x38f7939 16
2 path.c:191 0x38f7b39 13
2 path.c:205 0x38f7e09 6
2 path.c:205 0x38f7de9 7
3 path.c:223 0x38f7b39 0x38f7b39 13 13
4 path.c:246 0x38f7b39 13
4 path.c:31 0x38f7e09 6
4 path.c:31 0x38f7de9 7
4 dynarray.c:112 0x38f7939 16
4 dynarray.c:113 0x38f8029 24
4 path.c:254 0x38f7ef9 24
2 path.c:128 0x38f7ef9 24
1 dynarray.c:84 0x38f7d39 24
2 dynarray.c:95 0x38f8029 16
2 path.c:90 0x38f7de9 6
2 path.c:90 0x38f7e09 4
1 path.c:143 0x38f76c9 10
2 path.c:178 0x38f7659 24
1 dynarray.c:84 0x38f7939 24
2 dynarray.c:95 0x38f7ff9 16
2 path.c:191 0x38f7b39 10
2 path.c:205 0x38f7f79 6
3 path.c:223 0x38f7b39 0x38f7b39 10 6
4 path.c:246 0x38f7b39 6
4 path.c:31 0x38f7f79 6
4 dynarray.c:112 0x38f7ff9 16
4 dynarray.c:113 0x38f7939 24
4 path.c:254 0x38f7659 24
2 path.c:178 0x38f7659 24
1 dynarray.c:84 0x38f7989 24
2 dynarray.c:95 0x38f7939 16
2 path.c:191 0x38f7f79 10
2 path.c:205 0x38f7b39 6
2 path.c:205 0x38f7f99 4
3 path.c:223 0x38f7f79 0x38f7f79 10 10
4 path.c:246 0x38f7f79 10
4 path.c:31 0x38f7b39 6
4 path.c:31 0x38f7f99 4
4 dynarray.c:112 0x38f7939 16
4 dynarray.c:113 0x38f7989 24
4 path.c:254 0x38f7659 24
2 path.c:128 0x38f7659 24
1 dynarray.c:84 0x38f7ff9 24
2 dynarray.c:95 0x38f7989 16
2 path.c:90 0x38f7f99 6
2 path.c:90 0x38f7b39 4
2 path.c:90 0x38f7f79 5
3 dynarray.c:69 0x38f8059 0x38f7989 16 32
1 path.c:143 0x38f7939 15
2 path.c:178 0x38f7989 24
1 dynarray.c:84 0x38f7f29 24
2 dynarray.c:95 0x38f8099 16
2 path.c:191 0x38f80c9 15
2 path.c:205 0x38f80f9 6
3 path.c:223 0x38f80c9 0x38f80c9 15 6
4 path.c:246 0x38f80c9 6
4 path.c:31 0x38f80f9 6
4 dynarray.c:112 0x38f8099 16
4 dynarray.c:113 0x38f7f29 24
4 path.c:254 0x38f7989 24
2 path.c:178 0x38f7989 24
1 dynarray.c:84 0x38f8099 24
2 dynarray.c:95 0x38f7f29 16
2 path.c:191 0x38f8119 15
2 path.c:205 0x38f80f9 6
2 path.c:205 0x38f8149 4
3 path.c:223 0x38f8119 0x38f8119 15 10
4 path.c:246 0x38f8119 10
4 path.c:31 0x38f80f9 6
4 path.c:31 0x38f8149 4
4 dynarray.c:112 0x38f7f29 16
4 dynarray.c:113 0x38f8099 24
4 path.c:254 0x38f7989 24
2 path.c:128 0x38f7989 24
1 dynarray.c:84 0x38f8119 24
2 dynarray.c:95 0x38f8099 16
2 path.c:90 0x38f8149 6
2 path.c:90 0x38f80f9 4
2 path.c:90 0x38f8169 5
3 dynarray.c:69 0x38f8189 0x38f8099 16 32
2 path.c:90 0x38f81c9 7
1 path.c:143 0x38f7f29 22
2 path.c:178 0x38f8099 24
1 dynarray.c:84 0x38f80c9 24
2 dynarray.c:95 0x38f81e9 16
2 path.c:191 0x38f8219 22
2 path.c:205 0x38f8249 6
3 path.c:223 0x38f8219 0x38f8219 22 6
4 path.c:246 0x38f8219 6
4 path.c:31 0x38f8249 6
4 dynarray.c:112 0x38f81e9 16
4 dynarray.c:113 0x38f80c9 24
4 path.c:254 0x38f8099 24
2 path.c:178 0x38f8099 24
1 dynarray.c:84 0x38f81e9 24
2 dynarray.c:95 0x38f80c9 16
2 path.c:191 0x38f8269 22
2 path.c:205 0x38f8249 6
2 path.c:205 0x38f8299 4
3 path.c:223 0x38f8269 0x38f8269 22 10
4 path.c:246 0x38f8269 10
4 path.c:31 0x38f8249 6
4 path.c:31 0x38f8299 4
4 dynarray.c:112 0x38f80c9 16
4 dynarray.c:113 0x38f81e9 24
4 path.c:254 0x38f8099 24
1 dynarray.c:84 0x38f8269 24
2 dynarray.c:95 0x38f82b9 32
1 bdtBad5.c:662 0x38f82f9 59
4 dynarray.c:112 0x38f82b9 32
4 dynarray.c:113 0x38f8269 24
4 bdt_client.c:82 0x38f82f9 59
2 path.c:128 0x38f8099 24
1 dynarray.c:84 0x38f8269 24
2 dynarray.c:95 0x38f81e9 16
2 path.c:90 0x38f8299 6
2 path.c:90 0x38f8249 7
2 path.c:90 0x38f8349 12
3 dynarray.c:69 0x38f8369 0x38f81e9 16 32
1 path.c:143 0x38f80c9 25
2 path.c:178 0x38f81e9 24
1 dynarray.c:84 0x38f8219 24
2 dynarray.c:95 0x38f83a9 16
2 path.c:191 0x38f83d9 25
2 path.c:205 0x38f8409 6
3 path.c:223 0x38f83d9 0x38f83d9 25 6
4 path.c:246 0x38f83d9 6
4 path.c:31 0x38f8409 6
4 dynarray.c:112 0x38f83a9 16
4 dynarray.c:113 0x38f8219 24
4 path.c:254 0x38f81e9 24
2 path.c:178 0x38f81e9 24
1 dynarray.c:84 0x38f83a9 24
2 dynarray.c:95 0x38f8219 16
2 path.c:191 0x38f8429 25
2 path.c:205 0x38f8409 6
2 path.c:205 0x38f8459 7
3 path.c:223 0x38f8429 0x38f8429 25 13
4 path.c:246 0x38f8429 13
4 path.c:31 0x38f8409 6
4 path.c:31 0x38f8459 7
4 dynarray.c:112 0x38f8219 16
4 dynarray.c:113 0x38f83a9 24
4 path.c:254 0x38f81e9 24
2 path.c:178 0x38f81e9 24
1 dynarray.c:84 0x38f8429 24
2 dynarray.c:95 0x38f83a9 24
2 path.c:191 0x38f8479 25
2 path.c:205 0x38f8459 6
2 path.c:205 0x38f8409 7
2 path.c:205 0x38f84a9 12
3 path.c:223 0x38f8479 0x38f8479 25 25
4 path.c:246 0x38f8479 25
4 path.c:31 0x38f8459 6
4 path.c:31 0x38f8409 7
4 path.c:31 0x38f84a9 12
4 dynarray.c:112 0x38f83a9 24
4 dynarray.c:113 0x38f8429 24
4 path.c:254 0x38f81e9 24
4 path.c:246 0x38f80c9 25
4 path.c:31 0x38f8299 6
4 path.c:31 0x38f8249 7
4 path.c:31 0x38f8349 12
4 dynarray.c:112 0x38f8369 32
4 dynarray.c:113 0x38f8269 24
4 path.c:254 0x38f8099 24
2 path.c:128 0x38f8099 24
1 dynarray.c:84 0x38f8219 24
2 dynarray.c:95 0x38f8269 16
2 path.c:90 0x38f8349 6
2 path.c:90 0x38f8249 8
2 path.c:90 0x38f8299 12
3 dynarray.c:69 0x38f84c9 0x38f8269 16 32
1 path.c:143 0x38f80c9 26
2 path.c:178 0x38f8269 24
1 dynarray.c:84 0x38f81e9 24
2 dynarray.c:95 0x38f8429 16
2 path.c:191 0x38f8479 26
2 path.c:205 0x38f84a9 6
3 path.c:223 0x38f8479 0x38f8479 26 6
4 path.c:246 0x38f8479 6
4 path.c:31 0x38f84a9 6
4 dynarray.c:112 0x38f8429 16
4 dynarray.c:113 0x38f81e9 24
4 path.c:254 0x38f8269 24
2 path.c:178 0x38f8269 24
1 dynarray.c:84 0x38f83a9 24
2 dynarray.c:95 0x38f81e9 16
2 path.c:191 0x38f8479 26
2 path.c:205 0x38f84a9 6
2 path.c:205 0x38f8409 8
3 path.c:223 0x38f8479 0x38f8479 26 14
4 path.c:246 0x38f8479 14
4 path.c:31 0x38f84a9 6
4 path.c:31 0x38f8409 8
4 dynarray.c:112 0x38f81e9 16
4 dynarray.c:113 0x38f83a9 24
4 path.c:254 0x38f8269 24
2 path.c:178 0x38f8269 24
1 dynarray.c:84 0x38f8429 24
2 dynarray.c:95 0x38f83a9 24
2 path.c:191 0x38f8479 26
2 path.c:205 0x38f8409 6
2 path.c:205 0x38f84a9 8
2 path.c:205 0x38f8459 12
3 path.c:223 0x38f8479 0x38f8479 26 26
4 path.c:246 0x38f8479 26
4 path.c:31 0x38f8409 6
4 path.c:31 0x38f84a9 8
4 path.c:31 0x38f8459 12
4 dynarray.c:112 0x38f83a9 24
4 dynarray.c:113 0x38f8429 24
4 path.c:254 0x38f8269 24
2 path.c:128 0x38f8269 24
1 dynarray.c:84 0x38f81e9 24
2 dynarray.c:95 0x38f8429 16
2 path.c:90 0x38f8459 6
2 path.c:90 0x38f84a9 8
2 path.c:90 0x38f8409 12
3 dynarray.c:69 0x38f8509 0x38f8429 16 32
1 path.c:143 0x38f83a9 26
2 path.c:178 0x38f8429 24
1 dynarray.c:84 0x38f8479 24
2 dynarray.c:95 0x38f8549 16
2 path.c:191 0x38f8579 26
2 path.c:205 0x38f85a9 6
3 path.c:223 0x38f8579 0x38f8579 26 6
4 path.c:246 0x38f8579 6
4 path.c:31 0x38f85a9 6
4 dynarray.c:112 0x38f8549 16
4 dynarray.c:113 0x38f8479 24
4 path.c:254 0x38f8429 24
2 path.c:178 0x38f8429 24
1 dynarray.c:84 0x38f8579 24
2 dynarray.c:95 0x38f8479 16
2 path.c:191 0x38f85c9 26
2 path.c:205 0x38f85a9 6
2 path.c:205 0x38f85f9 8
3 path.c:223 0x38f85c9 0x38f85c9 26 14
4 path.c:246 0x38f85c9 14
4 path.c:31 0x38f85a9 6
4 path.c:31 0x38f85f9 8
4 dynarray.c:112 0x38f8479 16
4 dynarray.c:113 0x38f8579 24
4 path.c:254 0x38f8429 24
2 path.c:178 0x38f8429 24
1 dynarray.c:84 0x38f8549 24
2 dynarray.c:95 0x38f8579 24
2 path.c:191 0x38f85c9 26
2 path.c:205 0x38f85f9 6
2 path.c:205 0x38f85a9 8
2 path.c:205 0x38f8619 12
3 path.c:223 0x38f85c9 0x38f85c9 26 26
4 path.c:246 0x38f85c9 26
4 path.c:31 0x38f85f9 6
4 path.c:31 0x38f85a9 8
4 path.c:31 0x38f8619 12
4 dynarray.c:112 0x38f8579 24
4 dynarray.c:113 0x38f8549 24
4 path.c:254 0x38f8429 24
2 path.c:178 0x38f8429 24
1 dynarray.c:84 0x38f8479 24
2 dynarray.c:95 0x38f8549 24
2 path.c:191 0x38f85c9 26
2 path.c:205 0x38f8619 6
2 path.c:205 0x38f85a9 8
2 path.c:205 0x38f85f9 12
3 path.c:223 0x38f85c9 0x38f85c9 26 26
1 bdtBad5.c:143 0x38f8369 32
2 path.c:178 0x38f8639 24
1 dynarray.c:84 0x38f8579 24
2 dynarray.c:95 0x38f8669 24
2 path.c:191 0x38f8699 26
2 path.c:205 0x38f86c9 6
2 path.c:205 0x38f86e9 8
2 path.c:205 0x38f8709 12
3 path.c:223 0x38f8699 0x38f8699 26 26
4 path.c:246 0x38f85c9 26
4 path.c:31 0x38f8619 6
4 path.c:31 0x38f85a9 8
4 path.c:31 0x38f85f9 12
4 dynarray.c:112 0x38f8549 24
4 dynarray.c:113 0x38f8479 24
4 path.c:254 0x38f8429 24
4 path.c:246 0x38f83a9 26
4 path.c:31 0x38f8459 6
4 path.c:31 0x38f84a9 8
4 path.c:31 0x38f8409 12
4 dynarray.c:112 0x38f8509 32
4 dynarray.c:113 0x38f81e9 24
4 path.c:254 0x38f8269 24
2 path.c:128 0x38f8269 24
1 dynarray.c:84 0x38f85c9 24
2 dynarray.c:95 0x38f81e9 16
2 path.c:90 0x38f8409 6
2 path.c:90 0x38f84a9 7
2 path.c:90 0x38f8459 12
3 dynarray.c:69 0x38f8729 0x38f81e9 16 32
1 path.c:143 0x38f83a9 25
2 path.c:178 0x38f81e9 24
1 dynarray.c:84 0x38f8429 24
2 dynarray.c:95 0x38f8479 16
2 path.c:191 0x38f8769 25
2 path.c:205 0x38f85f9 6
3 path.c:223 0x38f8769 0x38f8769 25 6
4 path.c:246 0x38f8769 6
4 path.c:31 0x38f85f9 6
4 dynarray.c:112 0x38f8479 16
4 dynarray.c:113 0x38f8429 24
4 path.c:254 0x38f81e9 24
2 path.c:178 0x38f81e9 24
1 dynarray.c:84 0x38f8549 24
2 dynarray.c:95 0x38f8429 16
2 path.c:191 0x38f8769 25
2 path.c:205 0x38f85f9 6
2 path.c:205 0x38f85a9 7
3 path.c:223 0x38f8769 0x38f8769 25 13
4 path.c:246 0x38f8769 13
4 path.c:31 0x38f85f9 6
4 path.c:31 0x38f85a9 7
4 dynarray.c:112 0x38f8429 16
4 dynarray.c:113 0x38f8549 24
4 path.c:254 0x38f81e9 24
2 path.c:178 0x38f81e9 24
1 dynarray.c:84 0x38f8479 24
2 dynarray.c:95 0x38f8549 24
2 path.c:191 0x38f8769 25
2 path.c:205 0x38f85a9 6
2 path.c:205 0x38f85f9 7
2 path.c:205 0x38f8619 12
3 path.c:223 0x38f8769 0x38f8769 25 25
4 path.c:246 0x38f8769 25
4 path.c:31 0x38f85a9 6
4 path.c:31 0x38f85f9 7
4 path.c:31 0x38f8619 12
4 dynarray.c:112 0x38f8549 24
4 dynarray.c:113 0x38f8479 24
4 path.c:254 0x38f81e9 24
4 path.c:246 0x38f83a9 25
4 path.c:31 0x38f8409 6
4 path.c:31 0x38f84a9 7
4 path.c:31 0x38f8459 12
4 dynarray.c:112 0x38f8729 32
4 dynarray.c:113 0x38f85c9 24
4 path.c:254 0x38f8269 24
2 path.c:128 0x38f8269 24
1 dynarray.c:84 0x38f8429 24
2 dynarray.c:95 0x38f85c9 16
2 path.c:90 0x38f8459 6
2 path.c:90 0x38f84a9 8
2 path.c:90 0x38f8409 12
3 dynarray.c:69 0x38f8799 0x38f85c9 16 32
1 path.c:143 0x38f83a9 26
2 path.c:178 0x38f85c9 24
1 dynarray.c:84 0x38f81e9 24
2 dynarray.c:95 0x38f8479 16
2 path.c:191 0x38f8769 26
2 path.c:205 0x38f8619 6
3 path.c:223 0x38f8769 0x38f8769 26 6
4 path.c:246 0x38f8769 6
4 path.c:31 0x38f8619 6
4 dynarray.c:112 0x38f8479 16
4 dynarray.c:113 0x38f81e9 24
4 path.c:254 0x38f85c9 24
2 path.c:178 0x38f85c9 24
1 dynarray.c:84 0x38f8549 24
2 dynarray.c:95 0x38f81e9 16
2 path.c:191 0x38f8769 26
2 path.c:205 0x38f8619 6
2 path.c:205 0x38f85f9 8
3 path.c:223 0x38f8769 0x38f8769 26 14
4 path.c:246 0x38f8769 14
4 path.c:31 0x38f8619 6
4 path.c:31 0x38f85f9 8
4 dynarray.c:112 0x38f81e9 16
4 dynarray.c:113 0x38f8549 24
4 path.c:254 0x38f85c9 24
2 path.c:178 0x38f85c9 24
1 dynarray.c:84 0x38f8479 24
2 dynarray.c:95 0x38f8549 24
2 path.c:191 0x38f8769 26
2 path.c:205 0x38f85f9 6
2 path.c:205 0x38f8619 8
2 path.c:205 0x38f85a9 12
3 path.c:223 0x38f8769 0x38f8769 26 26
4 path.c:246 0x38f8769 26
4 path.c:31 0x38f85f9 6
4 path.c:31 0x38f8619 8
4 path.c:31 0x38f85a9 12
4 dynarray.c:112 0x38f8549 24
4 dynarray.c:113 0x38f8479 24
4 path.c:254 0x38f85c9 24
4 path.c:246 0x38f83a9 26
4 path.c:31 0x38f8459 6
4 path.c:31 0x38f84a9 8
4 path.c:31 0x38f8409 12
4 dynarray.c:112 0x38f8799 32
4 dynarray.c:113 0x38f8429 24
4 path.c:254 0x38f8269 24
2 path.c:128 0x38f8269 24
1 dynarray.c:84 0x38f81e9 24
2 dynarray.c:95 0x38f8429 16
2 path.c:90 0x38f8409 6
2 path.c:90 0x38f84a9 8
2 path.c:90 0x38f8459 12
3 dynarray.c:69 0x38f8799 0x38f8429 16 32
1 path.c:143 0x38f83a9 26
2 path.c:178 0x38f8429 24
1 dynarray.c:84 0x38f85c9 24
2 dynarray.c:95 0x38f8479 16
2 path.c:191 0x38f8769 26
2 path.c:205 0x38f85a9 6
3 path.c:223 0x38f8769 0x38f8769 26 6
4 path.c:246 0x38f8769 6
4 path.c:31 0x38f85a9 6
4 dynarray.c:112 0x38f8479 16
4 dynarray.c:113 0x38f85c9 24
4 path.c:254 0x38f8429 24
2 path.c:178 0x38f8429 24
1 dynarray.c:84 0x38f8549 24
2 dynarray.c:95 0x38f85c9 16
2 path.c:191 0x38f8769 26
2 path.c:205 0x38f85a9 6
2 path.c:205 0x38f8619 8
3 path.c:223 0x38f8769 0x38f8769 26 14
4 path.c:246 0x38f8769 14
4 path.c:31 0x38f85a9 6
4 path.c:31 0x38f8619 8
4 dynarray.c:112 0x38f85c9 16
4 dynarray.c:113 0x38f8549 24
4 path.c:254 0x38f8429 24
2 path.c:178 0x38f8429 24
1 dynarray.c:84 0x38f8479 24
2 dynarray.c:95 0x38f8549 24
2 path.c:191 0x38f8769 26
2 path.c:205 0x38f8619 6
2 path.c:205 0x38f85a9 8
2 path.c:205 0x38f85f9 12
3 path.c:223 0x38f8769 0x38f8769 26 26
4 path.c:246 0x38f8769 26
4 path.c:31 0x38f8619 6
4 path.c:31 0x38f85a9 8
4 path.c:31 0x38f85f9 12
4 dynarray.c:112 0x38f8549 24
4 dynarray.c:113 0x38f8479 24
4 path.c:254 0x38f8429 24
4 path.c:246 0x38f83a9 26
4 path.c:31 0x38f8409 6
4 path.c:31 0x38f84a9 8
4 path.c:31 0x38f8459 12
4 dynarray.c:112 0x38f8799 32
4 dynarray.c:113 0x38f81e9 24
4 path.c:254 0x38f8269 24
2 path.c:128 0x38f8269 24
1 dynarray.c:84 0x38f85c9 24
2 dynarray.c:95 0x38f81e9 16
2 path.c:90 0x38f8459 6
2 path.c:90 0x38f84a9 8
2 path.c:90 0x38f8409 12
3 dynarray.c:69 0x38f8799 0x38f81e9 16 32
2 path.c:90 0x38f85f9 6
1 path.c:143 0x38f8729 32
2 path.c:178 0x38f81e9 24
1 dynarray.c:84 0x38f83a9 24
2 dynarray.c:95 0x38f8429 16
2 path.c:191 0x38f87d9 32
2 path.c:205 0x38f85a9 6
3 path.c:223 0x38f87d9 0x38f87d9 32 6
4 path.c:246 0x38f87d9 6
4 path.c:31 0x38f85a9 6
4 dynarray.c:112 0x38f8429 16
4 dynarray.c:113 0x38f83a9 24
4 path.c:254 0x38f81e9 24
2 path.c:178 0x38f81e9 24
1 dynarray.c:84 0x38f8479 24
2 dynarray.c:95 0x38f83a9 16
2 path.c:191 0x38f8819 32
2 path.c:205 0x38f85a9 6
2 path.c:205 0x38f87d9 8
3 path.c:223 0x38f8819 0x38f8819 32 14
4 path.c:246 0x38f8819 14
4 path.c:31 0x38f85a9 6
4 path.c:31 0x38f87d9 8
4 dynarray.c:112 0x38f83a9 16
4 dynarray.c:113 0x38f8479 24
4 path.c:254 0x38f81e9 24
2 path.c:178 0x38f81e9 24
1 dynarray.c:84 0x38f8429 24
2 dynarray.c:95 0x38f8479 24
2 path.c:191 0x38f8859 32
2 path.c:205 0x38f87d9 6
2 path.c:205 0x38f85a9 8
2 path.c:205 0x38f8819 12
3 path.c:223 0x38f8859 0x38f8859 32 26
4 path.c:246 0x38f8859 26
4 path.c:31 0x38f87d9 6
4 path.c:31 0x38f85a9 8
4 path.c:31 0x38f8819 12
4 dynarray.c:112 0x38f8479 24
4 dynarray.c:113 0x38f8429 24
4 path.c:254 0x38f81e9 24
2 path.c:178 0x38f81e9 24
1 dynarray.c:84 0x38f83a9 24
2 dynarray.c:95 0x38f8899 32
2 path.c:191 0x38f88d9 32
2 path.c:205 0x38f8819 6
2 path.c:205 0x38f85a9 8
2 path.c:205 0x38f87d9 12
2 path.c:205 0x38f8839 6
3 path.c:223 0x38f88d9 0x38f88d9 32 32
4 path.c:246 0x38f88d9 32
4 path.c:31 0x38f8819 6
4 path.c:31 0x38f85a9 8
4 path.c:31 0x38f87d9 12
4 path.c:31 0x38f8839 6
4 dynarray.c:112 0x38f8899 32
4 dynarray.c:113 0x38f83a9 24
4 path.c:254 0x38f81e9 24
2 path.c:178 0x38f81e9 24
1 dynarray.c:84 0x38f83a9 24
2 dynarray.c:95 0x38f8899 32
2 path.c:191 0x38f88d9 32
2 path.c:205 0x38f8839 6
2 path.c:205 0x38f87d9 8
2 path.c:205 0x38f85a9 12
2 path.c:205 0x38f8819 6
3 path.c:223 0x38f88d9 0x38f88d9 32 32
1 bdtBad5.c:143 0x38f8859 32
2 path.c:178 0x38f8429 24
1 dynarray.c:84 0x38f8479 24
2 dynarray.c:95 0x38f8919 32
2 path.c:191 0x38f8959 32
2 path.c:205 0x38f87f9 6
2 path.c:205 0x38f8619 8
2 path.c:205 0x38f8999 12
2 path.c:205 0x38f89b9 6
3 path.c:223 0x38f8959 0x38f8959 32 32
4 path.c:246 0x38f88d9 32
4 path.c:31 0x38f8839 6
4 path.c:31 0x38f87d9 8
4 path.c:31 0x38f85a9 12
4 path.c:31 0x38f8819 6
4 dynarray.c:112 0x38f8899 32
4 dynarray.c:113 0x38f83a9 24
4 path.c:254 0x38f81e9 24
4 path.c:246 0x38f8729 32
4 path.c:31 0x38f8459 6
4 path.c:31 0x38f84a9 8
4 path.c:31 0x38f8409 12
4 path.c:31 0x38f85f9 6
4 dynarray.c:112 0x38f8799 32
4 dynarray.c:113 0x38f85c9 24
4 path.c:254 0x38f8269 24
2 path.c:128 0x38f8269 24
1 dynarray.c:84 0x38f83a9 24
2 dynarray.c:95 0x38f85c9 16
2 path.c:90 0x38f85f9 6
2 path.c:90 0x38f8409 8
2 path.c:90 0x38f84a9 12
3 dynarray.c:69 0x38f8799 0x38f85c9 16 32
2 path.c:90 0x38f8459 6
1 path.c:143 0x38f88d9 32
2 path.c:178 0x38f85c9 24
1 dynarray.c:84 0x38f81e9 24
2 dynarray.c:95 0x38f8549 16
2 path.c:191 0x38f8729 32
2 path.c:205 0x38f8819 6
3 path.c:223 0x38f8729 0x38f8729 32 6
4 path.c:246 0x38f8729 6
4 path.c:31 0x38f8819 6
4 dynarray.c:112 0x38f8549 16
4 dynarray.c:113 0x38f81e9 24
4 path.c:254 0x38f85c9 24
2 path.c:178 0x38f85c9 24
1 dynarray.c:84 0x38f8769 24
2 dynarray.c:95 0x38f81e9 16
2 path.c:191 0x38f89d9 32
2 path.c:205 0x38f8819 6
2 path.c:205 0x38f8729 8
3 path.c:223 0x38f89d9 0x38f89d9 32 14
4 path.c:246 0x38f89d9 14
4 path.c:31 0x38f8819 6
4 path.c:31 0x38f8729 8
4 dynarray.c:112 0x38f81e9 16
4 dynarray.c:113 0x38f8769 24
4 path.c:254 0x38f85c9 24
2 path.c:178 0x38f85c9 24
1 dynarray.c:84 0x38f8549 24
2 dynarray.c:95 0x38f8769 24
2 path.c:191 0x38f8a19 32
2 path.c:205 0x38f8729 6
2 path.c:205 0x38f8819 8
2 path.c:205 0x38f89d9 12
3 path.c:223 0x38f8a19 0x38f8a19 32 26
4 path.c:246 0x38f8a19 26
4 path.c:31 0x38f8729 6
4 path.c:31 0x38f8819 8
4 path.c:31 0x38f89d9 12
4 dynarray.c:112 0x38f8769 24
4 dynarray.c:113 0x38f8549 24
4 path.c:254 0x38f85c9 24
2 path.c:178 0x38f85c9 24
1 dynarray.c:84 0x38f81e9 24
2 dynarray.c:95 0x38f8a19 32
2 path.c:191 0x38f8a59 32
2 path.c:205 0x38f89d9 6
2 path.c:205 0x38f8819 8
2 path.c:205 0x38f8729 12
2 path.c:205 0x38f89f9 6
3 path.c:223 0x38f8a59 0x38f8a59 32 32
4 path.c:246 0x38f8a59 32
4 path.c:31 0x38f89d9 6
4 path.c:31 0x38f8819 8
4 path.c:31 0x38f8729 12
4 path.c:31 0x38f89f9 6
4 dynarray.c:112 0x38f8a19 32
4 dynarray.c:113 0x38f81e9 24
4 path.c:254 0x38f85c9 24
4 path.c:246 0x38f88d9 32
4 path.c:31 0x38f85f9 6
4 path.c:31 0x38f8409 8
4 path.c:31 0x38f84a9 12
4 path.c:31 0x38f8459 6
4 dynarray.c:112 0x38f8799 32
4 dynarray.c:113 0x38f83a9 24
4 path.c:254 0x38f8269 24
1 dynarray.c:84 0x38f81e9 24
2 dynarray.c:95 0x38f8a99 48
1 bdtBad5.c:662 0x38f8ae9 117
4 dynarray.c:112 0x38f8a99 48
4 dynarray.c:113 0x38f81e9 24
4 bdt_client.c:96 0x38f8ae9 117
2 path.c:128 0x38f8269 24
1 dynarray.c:84 0x38f81e9 24
2 dynarray.c:95 0x38f83a9 16
2 path.c:90 0x38f8459 6
2 path.c:90 0x38f84a9 8
2 path.c:90 0x38f8409 8
3 dynarray.c:69 0x38f8799 0x38f83a9 16 32
1 path.c:143 0x38f85c9 22
2 path.c:178 0x38f83a9 24
1 dynarray.c:84 0x38f8549 24
2 dynarray.c:95 0x38f8769 16
2 path.c:191 0x38f8b79 22
2 path.c:205 0x38f85f9 6
3 path.c:223 0x38f8b79 0x38f8b79 22 6
4 path.c:246 0x38f8b79 6
4 path.c:31 0x38f85f9 6
4 dynarray.c:112 0x38f8769 16
4 dynarray.c:113 0x38f8549 24
4 path.c:254 0x38f83a9 24
2 path.c:178 0x38f83a9 24
1 dynarray.c:84 0x38f8b79 24
2 dynarray.c:95 0x38f8549 16
2 path.c:191 0x38f8ba9 22
2 path.c:205 0x38f85f9 6
2 path.c:205 0x38f89f9 8
3 path.c:223 0x38f8ba9 0x38f8ba9 22 14
4 path.c:246 0x38f8ba9 14
4 path.c:31 0x38f85f9 6
4 path.c:31 0x38f89f9 8
4 dynarray.c:112 0x38f8549 16
4 dynarray.c:113 0x38f8b79 24
4 path.c:254 0x38f83a9 24
2 path.c:178 0x38f83a9 24
1 dynarray.c:84 0x38f8769 24
2 dynarray.c:95 0x38f8b79 24
2 path.c:191 0x38f8ba9 22
2 path.c:205 0x38f89f9 6
2 path.c:205 0x38f85f9 8
2 path.c:205 0x38f8729 8
3 path.c:223 0x38f8ba9 0x38f8ba9 22 22
4 path.c:246 0x38f8ba9 22
4 path.c:31 0x38f89f9 6
4 path.c:31 0x38f85f9 8
4 path.c:31 0x38f8729 8
4 dynarray.c:112 0x38f8b79 24
4 dynarray.c:113 0x38f8769 24
4 path.c:254 0x38f83a9 24
2 path.c:128 0x38f83a9 24
1 dynarray.c:84 0x38f8549 24
2 dynarray.c:95 0x38f8769 16
2 path.c:90 0x38f8729 6
2 path.c:90 0x38f85f9 8
2 path.c:90 0x38f89f9 8
3 dynarray.c:69 0x38f88d9 0x38f8769 16 32
1 path.c:143 0x38f8b79 22
2 path.c:178 0x38f8769 24
1 dynarray.c:84 0x38f8ba9 24
2 dynarray.c:95 0x38f8bd9 16
2 path.c:191 0x38f8c09 22
2 path.c:205 0x38f8819 6
3 path.c:223 0x38f8c09 0x38f8c09 22 6
4 path.c:246 0x38f8c09 6
4 path.c:31 0x38f8819 6
4 dynarray.c:112 0x38f8bd9 16
4 dynarray.c:113 0x38f8ba9 24
4 path.c:254 0x38f8769 24
2 path.c:178 0x38f8769 24
1 dynarray.c:84 0x38f8c09 24
2 dynarray.c:95 0x38f8ba9 16
2 path.c:191 0x38f8c39 22
2 path.c:205 0x38f8819 6
2 path.c:205 0x38f89d9 8
3 path.c:223 0x38f8c39 0x38f8c39 22 14
4 path.c:246 0x38f8c39 14
4 path.c:31 0x38f8819 6
4 path.c:31 0x38f89d9 8
4 dynarray.c:112 0x38f8ba9 16
4 dynarray.c:113 0x38f8c09 24
4 path.c:254 0x38f8769 24
2 path.c:178 0x38f8769 24
1 dynarray.c:84 0x38f8bd9 24
2 dynarray.c:95 0x38f8c09 24
2 path.c:191 0x38f8c39 22
2 path.c:205 0x38f89d9 6
2 path.c:205 0x38f8819 8
2 path.c:205 0x38f8749 8
3 path.c:223 0x38f8c39 0x38f8c39 22 22
4 path.c:246 0x38f8c39 22
4 path.c:31 0x38f89d9 6
4 path.c:31 0x38f8819 8
4 path.c:31 0x38f8749 8
4 dynarray.c:112 0x38f8c09 24
4 dynarray.c:113 0x38f8bd9 24
4 path.c:254 0x38f8769 24
2 path.c:128 0x38f8769 24
1 dynarray.c:84 0x38f8ba9 24
2 dynarray.c:95 0x38f8bd9 16
2 path.c:90 0x38f8749 6
2 path.c:90 0x38f8819 8
2 path.c:90 0x38f89d9 8
3 dynarray.c:69 0x38f8a19 0x38f8bd9 16 32
1 path.c:143 0x38f8c09 22
2 path.c:178 0x38f8bd9 24
1 dynarray.c:84 0x38f8c39 24
2 dynarray.c:95 0x38f8c69 16
2 path.c:191 0x38f8c99 22
2 path.c:205 0x38f85a9 6
3 path.c:223 0x38f8c99 0x38f8c99 22 6
4 path.c:246 0x38f8c99 6
4 path.c:31 0x38f85a9 6
4 dynarray.c:112 0x38f8c69 16
4 dynarray.c:113 0x38f8c39 24
4 path.c:254 0x38f8bd9 24
2 path.c:178 0x38f8bd9 24
1 dynarray.c:84 0x38f8c99 24
2 dynarray.c:95 0x38f8c39 16
2 path.c:191 0x38f8cc9 22
2 path.c:205 0x38f85a9 6
2 path.c:205 0x38f87d9 8
3 path.c:223 0x38f8cc9 0x38f8cc9 22 14
4 path.c:246 0x38f8cc9 14
4 path.c:31 0x38f85a9 6
4 path.c:31 0x38f87d9 8
4 dynarray.c:112 0x38f8c39 16
4 dynarray.c:113 0x38f8c99 24
4 path.c:254 0x38f8bd9 24
2 path.c:178 0x38f8bd9 24
1 dynarray.c:84 0x38f8c69 24
2 dynarray.c:95 0x38f8c99 24
2 path.c:191 0x38f8cc9 22
2 path.c:205 0x38f87d9 6
2 path.c:205 0x38f85a9 8
2 path.c:205 0x38f8839 8
3 path.c:223 0x38f8cc9 0x38f8cc9 22 22
4 path.c:246 0x38f8cc9 22
4 path.c:31 0x38f87d9 6
4 path.c:31 0x38f85a9 8
4 path.c:31 0x38f8839 8
4 dynarray.c:112 0x38f8c99 24
4 dynarray.c:113 0x38f8c69 24
4 path.c:254 0x38f8bd9 24
2 path.c:128 0x38f8bd9 24
1 dynarray.c:84 0x38f8c39 24
2 dynarray.c:95 0x38f8c69 16
2 path.c:90 0x38f8839 6
2 path.c:90 0x38f85a9 8
1 path.c:143 0x38f7f59 14
2 path.c:178 0x38f8cc9 24
1 dynarray.c:84 0x38f8c99 24
2 dynarray.c:95 0x38f8cf9 16
2 path.c:191 0x38f87d9 14
2 path.c:205 0x38f8d29 6
3 path.c:223 0x38f87d9 0x38f87d9 14 6
4 path.c:246 0x38f87d9 6
4 path.c:31 0x38f8d29 6
4 dynarray.c:112 0x38f8cf9 16
4 dynarray.c:113 0x38f8c99 24
4 path.c:254 0x38f8cc9 24
2 path.c:178 0x38f8cc9 24
1 dynarray.c:84 0x38f8cf9 24
2 dynarray.c:95 0x38f8c99 16
2 path.c:191 0x38f8d29 14
2 path.c:205 0x38f8d49 6
2 path.c:205 0x38f8d69 8
3 path.c:223 0x38f8d29 0x38f8d29 14 14
4 path.c:246 0x38f8d29 14
4 path.c:31 0x38f8d49 6
4 path.c:31 0x38f8d69 8
4 dynarray.c:112 0x38f8c99 16
4 dynarray.c:113 0x38f8cf9 24
4 path.c:254 0x38f8cc9 24
4 path.c:246 0x38f7f59 14
4 path.c:31 0x38f8839 6
4 path.c:31 0x38f85a9 8
4 dynarray.c:112 0x38f8c69 16
4 dynarray.c:113 0x38f8c39 24
4 path.c:254 0x38f8bd9 24
4 path.c:246 0x38f8959 32
4 path.c:31 0x38f87f9 6
4 path.c:31 0x38f8619 8
4 path.c:31 0x38f8999 12
4 path.c:31 0x38f89b9 6
4 dynarray.c:112 0x38f8919 32
4 dynarray.c:113 0x38f8479 24
4 path.c:254 0x38f8429 24
4 bdtBad5.c:263 0x38f8859 32
4 path.c:246 0x38f8699 26
4 path.c:31 0x38f86c9 6
4 path.c:31 0x38f86e9 8
4 path.c:31 0x38f8709 12
4 dynarray.c:112 0x38f8669 24
4 dynarray.c:113 0x38f8579 24
4 path.c:254 0x38f8639 24
4 bdtBad5.c:263 0x38f8369 32
4 path.c:246 0x38f7e99 14
4 path.c:31 0x38f7eb9 6
4 path.c:31 0x38f7ed9 8
4 dynarray.c:112 0x38f7e69 16
4 dynarray.c:113 0x38f7709 24
4 path.c:254 0x38f7db9 24
4 bdtBad5.c:263 0x38f7e29 32
2 path.c:128 0x38f7db9 24
1 dynarray.c:84 0x38f8c99 24
2 dynarray.c:95 0x38f7709 16
2 path.c:90 0x38f7ed9 6
1 path.c:143 0x38f87d9 6
2 path.c:178 0x38f8639 24
1 dynarray.c:84 0x38f7e69 24
2 dynarray.c:95 0x38f8579 16
2 path.c:191 0x38f7eb9 6
2 path.c:205 0x38f8709 6
3 path.c:223 0x38f7eb9 0x38f7eb9 6 6
4 path.c:246 0x38f7eb9 6
4 path.c:31 0x38f8709 6
4 dynarray.c:112 0x38f8579 16
4 dynarray.c:113 0x38f7e69 24
4 path.c:254 0x38f8639 24
4 path.c:246 0x38f87d9 6
4 path.c:31 0x38f7ed9 6
4 dynarray.c:112 0x38f7709 16
4 dynarray.c:113 0x38f8c99 24
4 path.c:254 0x38f7db9 24
2 path.c:128 0x38f7db9 24
1 dynarray.c:84 0x38f8669 24
2 dynarray.c:95 0x38f8c99 16
2 path.c:90 0x38f7ed9 6
2 path.c:90 0x38f87d9 7
1 path.c:143 0x38f7e99 13
2 path.c:178 0x38f8639 24
1 dynarray.c:84 0x38f7709 24
2 dynarray.c:95 0x38f7e69 16
2 path.c:191 0x38f8709 13
2 path.c:205 0x38f86e9 6
3 path.c:223 0x38f8709 0x38f8709 13 6
4 path.c:246 0x38f8709 6
4 path.c:31 0x38f86e9 6
4 dynarray.c:112 0x38f7e69 16
4 dynarray.c:113 0x38f7709 24
4 path.c:254 0x38f8639 24
2 path.c:178 0x38f8639 24
1 dynarray.c:84 0x38f8579 24
2 dynarray.c:95 0x38f7709 16
2 path.c:191 0x38f86e9 13
2 path.c:205 0x38f8709 6
2 path.c:205 0x38f86c9 7
3 path.c:223 0x38f86e9 0x38f86e9 13 13
4 path.c:246 0x38f86e9 13
4 path.c:31 0x38f8709 6
4 path.c:31 0x38f86c9 7
4 dynarray.c:112 0x38f7709 16
4 dynarray.c:113 0x38f8579 24
4 path.c:254 0x38f8639 24
4 path.c:246 0x38f7e99 13
4 path.c:31 0x38f7ed9 6
4 path.c:31 0x38f87d9 7
4 dynarray.c:112 0x38f8c99 16
4 dynarray.c:113 0x38f8669 24
4 path.c:254 0x38f7db9 24
2 path.c:128 0x38f7db9 24
1 dynarray.c:84 0x38f7e69 24
2 dynarray.c:95 0x38f8669 16
2 path.c:90 0x38f87d9 6
2 path.c:90 0x38f7ed9 8
1 path.c:143 0x38f7eb9 14
2 path.c:178 0x38f8639 24
1 dynarray.c:84 0x38f8c99 24
2 dynarray.c:95 0x38f8579 16
2 path.c:191 0x38f7e99 14
2 path.c:205 0x38f8709 6
3 path.c:223 0x38f7e99 0x38f7e99 14 6
4 path.c:246 0x38f7e99 6
4 path.c:31 0x38f8709 6
4 dynarray.c:112 0x38f8579 16
4 dynarray.c:113 0x38f8c99 24
4 path.c:254 0x38f8639 24
2 path.c:178 0x38f8639 24
1 dynarray.c:84 0x38f7709 24
2 dynarray.c:95 0x38f8c99 16
2 path.c:191 0x38f8709 14
2 path.c:205 0x38f7e99 6
2 path.c:205 0x38f86e9 8
3 path.c:223 0x38f8709 0x38f8709 14 14
4 path.c:246 0x38f8709 14
4 path.c:31 0x38f7e99 6
4 path.c:31 0x38f86e9 8
4 dynarray.c:112 0x38f8c99 16
4 dynarray.c:113 0x38f7709 24
4 path.c:254 0x38f8639 24
2 path.c:128 0x38f8639 24
1 dynarray.c:84 0x38f8579 24
2 dynarray.c:95 0x38f7709 16
2 path.c:90 0x38f86e9 6
2 path.c:90 0x38f7e99 8
2 path.c:90 0x38f8709 12
3 dynarray.c:69 0x38f7e29 0x38f7709 16 32
1 path.c:143 0x38f8c99 26
2 path.c:178 0x38f7709 24
1 dynarray.c:84 0x38f8699 24
2 dynarray.c:95 0x38f8429 16
2 path.c:191 0x38f8bd9 26
2 path.c:205 0x38f89b9 6
3 path.c:223 0x38f8bd9 0x38f8bd9 26 6
4 path.c:246 0x38f8bd9 6
4 path.c:31 0x38f89b9 6
4 dynarray.c:112 0x38f8429 16
4 dynarray.c:113 0x38f8699 24
4 path.c:254 0x38f7709 24
2 path.c:178 0x38f7709 24
1 dynarray.c:84 0x38f8479 24
2 dynarray.c:95 0x38f8699 16
2 path.c:191 0x38f8bd9 26
2 path.c:205 0x38f89b9 6
2 path.c:205 0x38f8999 8
3 path.c:223 0x38f8bd9 0x38f8bd9 26 14
4 path.c:246 0x38f8bd9 14
4 path.c:31 0x38f89b9 6
4 path.c:31 0x38f8999 8
4 dynarray.c:112 0x38f8699 16
4 dynarray.c:113 0x38f8479 24
4 path.c:254 0x38f7709 24
2 path.c:128 0x38f7709 24
1 dynarray.c:84 0x38f8429 24
2 dynarray.c:95 0x38f8479 16
2 path.c:90 0x38f8999 6
2 path.c:90 0x38f89b9 8
2 path.c:90 0x38f8619 12
3 dynarray.c:69 0x38f8369 0x38f8479 16 32
2 path.c:90 0x38f87f9 6
1 path.c:143 0x38f8899 32
2 path.c:178 0x38f8479 24
1 dynarray.c:84 0x38f8699 24
2 dynarray.c:95 0x38f8bd9 16
2 path.c:191 0x38f8859 32
2 path.c:205 0x38f85a9 6
3 path.c:223 0x38f8859 0x38f8859 32 6
4 path.c:246 0x38f8859 6
4 path.c:31 0x38f85a9 6
4 dynarray.c:112 0x38f8bd9 16
4 dynarray.c:113 0x38f8699 24
4 path.c:254 0x38f8479 24
2 path.c:178 0x38f8479 24
1 dynarray.c:84 0x38f8c39 24
2 dynarray.c:95 0x38f8699 16
2 path.c:191 0x38f8959 32
2 path.c:205 0x38f85a9 6
2 path.c:205 0x38f8859 8
3 path.c:223 0x38f8959 0x38f8959 32 14
4 path.c:246 0x38f8959 14
4 path.c:31 0x38f85a9 6
4 path.c:31 0x38f8859 8
4 dynarray.c:112 0x38f8699 16
4 dynarray.c:113 0x38f8c39 24
4 path.c:254 0x38f8479 24
1 dynarray.c:84 0x38f8bd9 24
2 dynarray.c:95 0x38f8479 24
1 bdtBad5.c:662 0x38f8919 45
4 dynarray.c:112 0x38f8479 24
4 dynarray.c:113 0x38f8bd9 24
4 bdt_client.c:113 0x38f8919 45
2 path.c:128 0x38f8bd9 24
1 dynarray.c:84 0x38f8c39 24
2 dynarray.c:95 0x38f8479 16
2 path.c:90 0x38f8859 13
1 path.c:143 0x38f86c9 13
2 path.c:178 0x38f8c69 24
1 dynarray.c:84 0x38f8699 24
2 dynarray.c:95 0x38f8cc9 16
2 path.c:191 0x38f85a9 13
2 path.c:205 0x38f8979 13
3 path.c:223 0x38f85a9 0x38f85a9 13 13
4 path.c:246 0x38f85a9 13
4 path.c:31 0x38f8979 13
4 dynarray.c:112 0x38f8cc9 16
4 dynarray.c:113 0x38f8699 24
4 path.c:254 0x38f8c69 24
4 path.c:246 0x38f86c9 13
4 path.c:31 0x38f8859 13
4 dynarray.c:112 0x38f8479 16
4 dynarray.c:113 0x38f8c39 24
4 path.c:254 0x38f8bd9 24
2 path.c:128 0x38f8bd9 24
1 dynarray.c:84 0x38f8cf9 24
2 dynarray.c:95 0x38f8c39 16
2 path.c:90 0x38f8859 6
1 path.c:143 0x38f8959 6
2 path.c:178 0x38f8c69 24
1 dynarray.c:84 0x38f8479 24
2 dynarray.c:95 0x38f8699 16
2 path.c:191 0x38f86c9 6
2 path.c:205 0x38f85a9 6
3 path.c:223 0x38f86c9 0x38f86c9 6 6
4 path.c:246 0x38f86c9 6
4 path.c:31 0x38f85a9 6
4 dynarray.c:112 0x38f8699 16
4 dynarray.c:113 0x38f8479 24
4 path.c:254 0x38f8c69 24
4 path.c:246 0x38f8959 6
4 path.c:31 0x38f8859 6
4 dynarray.c:112 0x38f8c39 16
4 dynarray.c:113 0x38f8cf9 24
4 path.c:254 0x38f8bd9 24
4 path.c:246 0x38f7bf9 25
4 path.c:31 0x38f7c29 6
4 path.c:31 0x38f7c49 7
4 path.c:31 0x38f7c69 12
4 dynarray.c:112 0x38f7bc9 24
4 dynarray.c:113 0x38f7909 24
4 path.c:254 0x38f7b99 24
4 bdtBad5.c:263 0x38f7b59 32
4 path.c:246 0x38f7aa9 13
4 path.c:31 0x38f7ac9 6
4 path.c:31 0x38f7ae9 7
4 dynarray.c:112 0x38f7a79 16
4 dynarray.c:113 0x38f7599 24
4 path.c:254 0x38f7a49 24
4 bdtBad5.c:263 0x38f7a09 32
4 path.c:246 0x38f7849 6
4 path.c:31 0x38f7869 6
4 dynarray.c:112 0x38f7819 16
4 dynarray.c:113 0x38f75f9 24
4 path.c:254 0x38f77e9 24
4 bdtBad5.c:263 0x38f77a9 32
2 path.c:128 0x38f77e9 24
1 dynarray.c:84 0x38f8cc9 24
2 dynarray.c:95 0x38f75f9 16
2 path.c:90 0x38f7869 6
2 path.c:90 0x38f7849 7
1 path.c:143 0x38f8979 13
4 path.c:246 0x38f8979 13
4 path.c:31 0x38f7869 6
4 path.c:31 0x38f7849 7
4 dynarray.c:112 0x38f75f9 16
4 dynarray.c:113 0x38f8cc9 24
4 path.c:254 0x38f77e9 24
2 path.c:128 0x38f77e9 24
1 dynarray.c:84 0x38f7819 24
2 dynarray.c:95 0x38f8cc9 16
2 path.c:90 0x38f7849 6
1 path.c:143 0x38f8979 6
4 path.c:246 0x38f8979 6
4 path.c:31 0x38f7849 6
4 dynarray.c:112 0x38f8cc9 16
4 dynarray.c:113 0x38f7819 24
4 path.c:254 0x38f77e9 24
2 path.c:128 0x38f77e9 24
1 dynarray.c:84 0x38f75f9 24
2 dynarray.c:95 0x38f7819 16
2 path.c:90 0x38f7849 6
1 path.c:143 0x38f8979 6
4 path.c:246 0x38f8979 6
4 path.c:31 0x38f7849 6
4 dynarray.c:112 0x38f7819 16
4 dynarray.c:113 0x38f75f9 24
4 path.c:254 0x38f77e9 24
2 path.c:128 0x38f77e9 24
1 dynarray.c:84 0x38f8cc9 24
2 dynarray.c:95 0x38f75f9 16
2 path.c:90 0x38f7849 13
1 path.c:143 0x38f8979 13
4 path.c:246 0x38f8979 13
4 path.c:31 0x38f7849 13
4 dynarray.c:112 0x38f75f9 16
4 dynarray.c:113 0x38f8cc9 24
4 path.c:254 0x38f77e9 24
1 dynarray.c:84 0x38f7819 24
2 dynarray.c:95 0x38f77e9 16
1 bdtBad5.c:662 0x38f8979 1
4 dynarray.c:112 0x38f77e9 16
4 dynarray.c:113 0x38f7819 24
4 bdt_client.c:124 0x38f8979 1
2 path.c:128 0x38f7819 24
1 dynarray.c:84 0x38f8cc9 24
2 dynarray.c:95 0x38f77e9 16
2 path.c:90 0x38f7849 2
2 path.c:90 0x38f7869 2
1 path.c:143 0x38f8979 4
2 path.c:178 0x38f7a49 24
1 dynarray.c:84 0x38f75f9 24
2 dynarray.c:95 0x38f7599 16
2 path.c:191 0x38f7ae9 4
2 path.c:205 0x38f7aa9 2
3 path.c:223 0x38f7ae9 0x38f7ae9 4 2
1 bdtBad5.c:143 0x38f8919 32
2 path.c:178 0x38f7b99 24
1 dynarray.c:84 0x38f7a79 24
2 dynarray.c:95 0x38f7909 16
2 path.c:191 0x38f7c69 2
2 path.c:205 0x38f7c49 2
3 path.c:223 0x38f7c69 0x38f7c69 2 2
4 path.c:246 0x38f7ae9 2
4 path.c:31 0x38f7aa9 2
4 dynarray.c:112 0x38f7599 16
4 dynarray.c:113 0x38f75f9 24
4 path.c:254 0x38f7a49 24
2 path.c:178 0x38f7a49 24
1 dynarray.c:84 0x38f7bc9 24
2 dynarray.c:95 0x38f75f9 16
2 path.c:191 0x38f7aa9 4
2 path.c:205 0x38f7ae9 2
2 path.c:205 0x38f7c29 2
3 path.c:223 0x38f7aa9 0x38f7aa9 4 4
1 bdtBad5.c:143 0x38f8509 32
2 path.c:178 0x38f7bf9 24
1 dynarray.c:84 0x38f7599 24
2 dynarray.c:95 0x38f8bd9 16
2 path.c:191 0x38f8859 4
2 path.c:205 0x38f8959 2
2 path.c:205 0x38f85a9 2
3 path.c:223 0x38f8859 0x38f8859 4 4
4 path.c:246 0x38f7aa9 4
4 path.c:31 0x38f7ae9 2
4 path.c:31 0x38f7c29 2
4 dynarray.c:112 0x38f75f9 16
4 dynarray.c:113 0x38f7bc9 24
4 path.c:254 0x38f7a49 24
4 path.c:246 0x38f8979 4
4 path.c:31 0x38f7849 2
4 path.c:31 0x38f7869 2
4 dynarray.c:112 0x38f77e9 16
4 dynarray.c:113 0x38f8cc9 24
4 path.c:254 0x38f7819 24
1 dynarray.c:84 0x38f8cf9 24
2 dynarray.c:95 0x38f7819 16
1 bdtBad5.c:662 0x38f7ac9 7
4 dynarray.c:112 0x38f7819 16
4 dynarray.c:113 0x38f8cf9 24
4 bdt_client.c:136 0x38f7ac9 7
2 path.c:128 0x38f8cf9 24
1 dynarray.c:84 0x38f8cc9 24
2 dynarray.c:95 0x38f7819 16
2 path.c:90 0x38f7869 2
2 path.c:90 0x38f7849 2
1 path.c:143 0x38f7ac9 4
2 path.c:178 0x38f7a49 24
1 dynarray.c:84 0x38f77e9 24
2 dynarray.c:95 0x38f7bc9 16
2 path.c:191 0x38f8979 4
2 path.c:205 0x38f7ae9 2
3 path.c:223 0x38f8979 0x38f8979 4 2
4 path.c:246 0x38f8979 2
4 path.c:31 0x38f7ae9 2
4 dynarray.c:112 0x38f7bc9 16
4 dynarray.c:113 0x38f77e9 24
4 path.c:254 0x38f7a49 24
2 path.c:178 0x38f7a49 24
1 dynarray.c:84 0x38f75f9 24
2 dynarray.c:95 0x38f77e9 16
2 path.c:191 0x38f7ae9 4
2 path.c:205 0x38f8979 2
2 path.c:205 0x38f7aa9 2
3 path.c:223 0x38f7ae9 0x38f7ae9 4 4
4 path.c:246 0x38f7ae9 4
4 path.c:31 0x38f8979 2
4 path.c:31 0x38f7aa9 2
4 dynarray.c:112 0x38f77e9 16
4 dynarray.c:113 0x38f75f9 24
4 path.c:254 0x38f7a49 24
2 path.c:178 0x38f7a49 24
1 dynarray.c:84 0x38f7bc9 24
2 dynarray.c:95 0x38f75f9 16
2 path.c:191 0x38f7aa9 4
2 path.c:205 0x38f8979 2
2 path.c:205 0x38f7ae9 2
3 path.c:223 0x38f7aa9 0x38f7aa9 4 4
1 bdtBad5.c:143 0x38f82b9 32
2 path.c:178 0x38f8c39 24
1 dynarray.c:84 0x38f77e9 24
2 dynarray.c:95 0x38f8c69 16
2 path.c:191 0x38f86c9 4
2 path.c:205 0x38f8879 2
2 path.c:205 0x38f8839 2
3 path.c:223 0x38f86c9 0x38f86c9 4 4
4 path.c:246 0x38f7aa9 4
4 path.c:31 0x38f8979 2
4 path.c:31 0x38f7ae9 2
4 dynarray.c:112 0x38f75f9 16
4 dynarray.c:113 0x38f7bc9 24
4 path.c:254 0x38f7a49 24
4 path.c:246 0x38f7ac9 4
4 path.c:31 0x38f7869 2
4 path.c:31 0x38f7849 2
4 dynarray.c:112 0x38f7819 16
4 dynarray.c:113 0x38f8cc9 24
4 path.c:254 0x38f8cf9 24
1 dynarray.c:84 0x38f8479 24
2 dynarray.c:95 0x38f8cf9 24
1 bdtBad5.c:662 0x38f7c29 11
4 dynarray.c:112 0x38f8cf9 24
4 dynarray.c:113 0x38f8479 24
4 bdt_client.c:140 0x38f7c29 11
2 path.c:128 0x38f8479 24
1 dynarray.c:84 0x38f8cc9 24
2 dynarray.c:95 0x38f8cf9 16
2 path.c:90 0x38f7849 2
2 path.c:90 0x38f7869 2
1 path.c:143 0x38f7c29 4
2 path.c:178 0x38f7a49 24
1 dynarray.c:84 0x38f7819 24
2 dynarray.c:95 0x38f7bc9 16
2 path.c:191 0x38f7ac9 4
2 path.c:205 0x38f8979 2
3 path.c:223 0x38f7ac9 0x38f7ac9 4 2
4 path.c:246 0x38f7ac9 2
4 path.c:31 0x38f8979 2
4 dynarray.c:112 0x38f7bc9 16
4 dynarray.c:113 0x38f7819 24
4 path.c:254 0x38f7a49 24
2 path.c:178 0x38f7a49 24
1 dynarray.c:84 0x38f75f9 24
2 dynarray.c:95 0x38f7819 16
2 path.c:191 0x38f8979 4
2 path.c:205 0x38f7ac9 2
2 path.c:205 0x38f7aa9 2
3 path.c:223 0x38f8979 0x38f8979 4 4
4 path.c:246 0x38f8979 4
4 path.c:31 0x38f7ac9 2
4 path.c:31 0x38f7aa9 2
4 dynarray.c:112 0x38f7819 16
4 dynarray.c:113 0x38f75f9 24
4 path.c:254 0x38f7a49 24
4 path.c:246 0x38f7c29 4
4 path.c:31 0x38f7849 2
4 path.c:31 0x38f7869 2
4 dynarray.c:112 0x38f8cf9 16
4 dynarray.c:113 0x38f8cc9 24
4 path.c:254 0x38f8479 24
4 path.c:246 0x38f8859 4
4 path.c:31 0x38f8959 2
4 path.c:31 0x38f85a9 2
4 dynarray.c:112 0x38f8bd9 16
4 dynarray.c:113 0x38f7599 24
4 path.c:254 0x38f7bf9 24
4 bdtBad5.c:263 0x38f8509 32
1 dynarray.c:84 0x38f7bc9 24
2 dynarray.c:95 0x38f7bf9 16
1 bdtBad5.c:662 0x38f7ae9 7
4 dynarray.c:112 0x38f7bf9 16
4 dynarray.c:113 0x38f7bc9 24
4 bdt_client.c:144 0x38f7ae9 7
2 path.c:128 0x38f7bc9 24
1 dynarray.c:84 0x38f7599 24
2 dynarray.c:95 0x38f7bf9 16
2 path.c:90 0x38f85a9 2
2 path.c:90 0x38f8959 3
1 path.c:143 0x38f7ae9 5
2 path.c:178 0x38f8479 24
1 dynarray.c:84 0x38f8bd9 24
2 dynarray.c:95 0x38f8cc9 16
2 path.c:191 0x38f8859 5
2 path.c:205 0x38f7849 2
3 path.c:223 0x38f8859 0x38f8859 5 2
4 path.c:246 0x38f8859 2
4 path.c:31 0x38f7849 2
4 dynarray.c:112 0x38f8cc9 16
4 dynarray.c:113 0x38f8bd9 24
4 path.c:254 0x38f8479 24
2 path.c:178 0x38f8479 24
1 dynarray.c:84 0x38f8cf9 24
2 dynarray.c:95 0x38f8bd9 16
2 path.c:191 0x38f7849 5
2 path.c:205 0x38f8859 2
2 path.c:205 0x38f7c29 3
3 path.c:223 0x38f7849 0x38f7849 5 5
4 path.c:246 0x38f7849 5
4 path.c:31 0x38f8859 2
4 path.c:31 0x38f7c29 3
4 dynarray.c:112 0x38f8bd9 16
4 dynarray.c:113 0x38f8cf9 24
4 path.c:254 0x38f8479 24
2 path.c:178 0x38f8479 24
1 dynarray.c:84 0x38f8cc9 24
2 dynarray.c:95 0x38f8cf9 16
2 path.c:191 0x38f7c29 5
2 path.c:205 0x38f8859 2
2 path.c:205 0x38f7849 3
3 path.c:223 0x38f7c29 0x38f7c29 5 5
1 bdtBad5.c:143 0x38f8509 32
2 path.c:178 0x38f7a49 24
1 dynarray.c:84 0x38f8bd9 24
2 dynarray.c:95 0x38f75f9 16
2 path.c:191 0x38f7aa9 5
2 path.c:205 0x38f7ac9 2
2 path.c:205 0x38f8979 3
3 path.c:223 0x38f7aa9 0x38f7aa9 5 5
4 path.c:246 0x38f7c29 5
4 path.c:31 0x38f8859 2
4 path.c:31 0x38f7849 3
4 dynarray.c:112 0x38f8cf9 16
4 dynarray.c:113 0x38f8cc9 24
4 path.c:254 0x38f8479 24
4 path.c:246 0x38f7ae9 5
4 path.c:31 0x38f85a9 2
4 path.c:31 0x38f8959 3
4 dynarray.c:112 0x38f7bf9 16
4 dynarray.c:113 0x38f7599 24
4 path.c:254 0x38f7bc9 24
1 dynarray.c:84 0x38f7819 24
2 dynarray.c:95 0x38f7bc9 24
1 bdtBad5.c:662 0x38f7869 12
4 dynarray.c:112 0x38f7bc9 24
4 dynarray.c:113 0x38f7819 24
4 bdt_client.c:148 0x38f7869 12
2 path.c:128 0x38f7819 24
1 dynarray.c:84 0x38f7599 24
2 dynarray.c:95 0x38f7bc9 16
2 path.c:90 0x38f8959 2
2 path.c:90 0x38f85a9 3
1 path.c:143 0x38f7869 5
2 path.c:178 0x38f8479 24
1 dynarray.c:84 0x38f7bf9 24
2 dynarray.c:95 0x38f8cc9 16
2 path.c:191 0x38f7ae9 5
2 path.c:205 0x38f8859 2
3 path.c:223 0x38f7ae9 0x38f7ae9 5 2
4 path.c:246 0x38f7ae9 2
4 path.c:31 0x38f8859 2
4 dynarray.c:112 0x38f8cc9 16
4 dynarray.c:113 0x38f7bf9 24
4 path.c:254 0x38f8479 24
2 path.c:178 0x38f8479 24
1 dynarray.c:84 0x38f8cf9 24
2 dynarray.c:95 0x38f7bf9 16
2 path.c:191 0x38f8859 5
2 path.c:205 0x38f7ae9 2
2 path.c:205 0x38f7c29 3
3 path.c:223 0x38f8859 0x38f8859 5 5
4 path.c:246 0x38f8859 5
4 path.c:31 0x38f7ae9 2
4 path.c:31 0x38f7c29 3
4 dynarray.c:112 0x38f7bf9 16
4 dynarray.c:113 0x38f8cf9 24
4 path.c:254 0x38f8479 24
4 path.c:246 0x38f7869 5
4 path.c:31 0x38f8959 2
4 path.c:31 0x38f85a9 3
4 dynarray.c:112 0x38f7bc9 16
4 dynarray.c:113 0x38f7599 24
4 path.c:254 0x38f7819 24
4 path.c:246 0x38f7aa9 5
4 path.c:31 0x38f7ac9 2
4 path.c:31 0x38f8979 3
4 dynarray.c:112 0x38f75f9 16
4 dynarray.c:113 0x38f8bd9 24
4 path.c:254 0x38f7a49 24
4 bdtBad5.c:263 0x38f8509 32
1 dynarray.c:84 0x38f8cc9 24
2 dynarray.c:95 0x38f7a49 16
1 bdtBad5.c:662 0x38f7849 7
4 dynarray.c:112 0x38f7a49 16
4 dynarray.c:113 0x38f8cc9 24
4 bdt_client.c:152 0x38f7849 7
2 path.c:128 0x38f8cc9 24
1 dynarray.c:84 0x38f8bd9 24
2 dynarray.c:95 0x38f7a49 16
2 path.c:90 0x38f8979 2
2 path.c:90 0x38f7ac9 3
1 path.c:143 0x38f7849 5
2 path.c:178 0x38f7819 24
1 dynarray.c:84 0x38f75f9 24
2 dynarray.c:95 0x38f7599 16
2 path.c:191 0x38f7aa9 5
2 path.c:205 0x38f8959 2
3 path.c:223 0x38f7aa9 0x38f7aa9 5 2
4 path.c:246 0x38f7aa9 2
4 path.c:31 0x38f8959 2
4 dynarray.c:112 0x38f7599 16
4 dynarray.c:113 0x38f75f9 24
4 path.c:254 0x38f7819 24
2 path.c:178 0x38f7819 24
1 dynarray.c:84 0x38f7bc9 24
2 dynarray.c:95 0x38f75f9 16
2 path.c:191 0x38f8959 5
2 path.c:205 0x38f7aa9 2
2 path.c:205 0x38f7869 3
3 path.c:223 0x38f8959 0x38f8959 5 5
4 path.c:246 0x38f8959 5
4 path.c:31 0x38f7aa9 2
4 path.c:31 0x38f7869 3
4 dynarray.c:112 0x38f75f9 16
4 dynarray.c:113 0x38f7bc9 24
4 path.c:254 0x38f7819 24
2 path.c:178 0x38f7819 24
1 dynarray.c:84 0x38f7599 24
2 dynarray.c:95 0x38f7bc9 16
2 path.c:191 0x38f7869 5
2 path.c:205 0x38f7aa9 2
2 path.c:205 0x38f8959 3
3 path.c:223 0x38f7869 0x38f7869 5 5
1 bdtBad5.c:143 0x38f8509 32
2 path.c:178 0x38f8479 24
1 dynarray.c:84 0x38f75f9 24
2 dynarray.c:95 0x38f8cf9 16
2 path.c:191 0x38f7c29 5
2 path.c:205 0x38f7ae9 2
2 path.c:205 0x38f8859 3
3 path.c:223 0x38f7c29 0x38f7c29 5 5
4 path.c:246 0x38f7869 5
4 path.c:31 0x38f7aa9 2
4 path.c:31 0x38f8959 3
4 dynarray.c:112 0x38f7bc9 16
4 dynarray.c:113 0x38f7599 24
4 path.c:254 0x38f7819 24
4 path.c:246 0x38f7849 5
4 path.c:31 0x38f8979 2
4 path.c:31 0x38f7ac9 3
4 dynarray.c:112 0x38f7a49 16
4 dynarray.c:113 0x38f8bd9 24
4 path.c:254 0x38f8cc9 24
1 dynarray.c:84 0x38f7bf9 24
2 dynarray.c:95 0x38f8cc9 24
1 bdtBad5.c:662 0x38f85a9 12
4 dynarray.c:112 0x38f8cc9 24
4 dynarray.c:113 0x38f7bf9 24
4 bdt_client.c:156 0x38f85a9 12
2 path.c:128 0x38f7bf9 24
1 dynarray.c:84 0x38f8bd9 24
2 dynarray.c:95 0x38f8cc9 16
2 path.c:90 0x38f7ac9 2
2 path.c:90 0x38f8979 2
1 path.c:143 0x38f85a9 4
2 path.c:178 0x38f7819 24
1 dynarray.c:84 0x38f7a49 24
2 dynarray.c:95 0x38f7599 16
2 path.c:191 0x38f7849 4
2 path.c:205 0x38f7aa9 2
3 path.c:223 0x38f7849 0x38f7849 4 2
4 path.c:246 0x38f7849 2
4 path.c:31 0x38f7aa9 2
4 dynarray.c:112 0x38f7599 16
4 dynarray.c:113 0x38f7a49 24
4 path.c:254 0x38f7819 24
2 path.c:178 0x38f7819 24
1 dynarray.c:84 0x38f7bc9 24
2 dynarray.c:95 0x38f7a49 16
2 path.c:191 0x38f7aa9 4
2 path.c:205 0x38f7849 2
2 path.c:205 0x38f7869 2
3 path.c:223 0x38f7aa9 0x38f7aa9 4 4
4 path.c:246 0x38f7aa9 4
4 path.c:31 0x38f7849 2
4 path.c:31 0x38f7869 2
4 dynarray.c:112 0x38f7a49 16
4 dynarray.c:113 0x38f7bc9 24
4 path.c:254 0x38f7819 24
4 path.c:246 0x38f85a9 4
4 path.c:31 0x38f7ac9 2
4 path.c:31 0x38f8979 2
4 dynarray.c:112 0x38f8cc9 16
4 dynarray.c:113 0x38f8bd9 24
4 path.c:254 0x38f7bf9 24
4 path.c:246 0x38f86c9 4
4 path.c:31 0x38f8879 2
4 path.c:31 0x38f8839 2
4 dynarray.c:112 0x38f8c69 16
4 dynarray.c:113 0x38f77e9 24
4 path.c:254 0x38f8c39 24
4 bdtBad5.c:263 0x38f82b9 32
1 dynarray.c:84 0x38f7599 24
2 dynarray.c:95 0x38f8c39 16
1 bdtBad5.c:662 0x38f8959 8
4 dynarray.c:112 0x38f8c39 16
4 dynarray.c:113 0x38f7599 24
4 bdt_client.c:160 0x38f8959 8
4 path.c:246 0x38f7c29 5
4 path.c:31 0x38f7ae9 2
4 path.c:31 0x38f8859 3
4 dynarray.c:112 0x38f8cf9 16
4 dynarray.c:113 0x38f75f9 24
4 path.c:254 0x38f8479 24
4 bdtBad5.c:263 0x38f8509 32
4 path.c:246 0x38f7c69 2
4 path.c:31 0x38f7c49 2
4 dynarray.c:112 0x38f7909 16
4 dynarray.c:113 0x38f7a79 24
4 path.c:254 0x38f7b99 24
4 bdtBad5.c:263 0x38f8919 32
